ERROR massage:	Retrying (Retry(total=2, connect=None, read=None, redirect=None, status=None)) after connection broken by 'ReadTimeoutError("HTTPSConnectionPool(host='www.busjav.fun', port=443): Read timed out. (read timeout=10)")': /ABP-905
ERROR LEVEL:	WARNING
ERROR LOCATION:	C:\Anaconda3\lib\site-packages\urllib3\connectionpool.py	744
urlopen
ERROR TIME:	2021-10-29 21:03:56,231
-----------------------------------------------------------

ERROR massage:	Retrying (Retry(total=2, connect=None, read=None, redirect=None, status=None)) after connection broken by 'ReadTimeoutError("HTTPSConnectionPool(host='www.busjav.fun', port=443): Read timed out. (read timeout=10)")': /pics/cover/1n46_b.jpg
ERROR LEVEL:	WARNING
ERROR LOCATION:	C:\Anaconda3\lib\site-packages\urllib3\connectionpool.py	744
urlopen
ERROR TIME:	2021-10-29 21:04:35,987
-----------------------------------------------------------

ERROR massage:	Retrying (Retry(total=2, connect=None, read=None, redirect=None, status=None)) after connection broken by 'ReadTimeoutError("HTTPSConnectionPool(host='www.busjav.fun', port=443): Read timed out. (read timeout=10)")': /AE-185
ERROR LEVEL:	WARNING
ERROR LOCATION:	C:\Anaconda3\lib\site-packages\urllib3\connectionpool.py	744
urlopen
ERROR TIME:	2021-10-29 21:05:38,911
-----------------------------------------------------------

ERROR massage:	Requests ERROR_code404
https://www.busjav.fun/DECD-411
ERROR LEVEL:	ERROR
ERROR LOCATION:	.\javseach.py	1180
use_FanHaoInfo_get_VideoInfo
ERROR TIME:	2021-10-29 21:36:54,988
-----------------------------------------------------------

ERROR massage:	Requests ERROR_code404
https://www.busjav.fun/DV-1656
ERROR LEVEL:	ERROR
ERROR LOCATION:	.\javseach.py	1180
use_FanHaoInfo_get_VideoInfo
ERROR TIME:	2021-10-29 21:37:29,403
-----------------------------------------------------------

ERROR massage:	Requests ERROR_code404
https://www.busjav.fun/DECD-411
ERROR LEVEL:	ERROR
ERROR LOCATION:	.\javseach.py	1180
use_FanHaoInfo_get_VideoInfo
ERROR TIME:	2021-10-29 21:48:10,423
-----------------------------------------------------------

ERROR massage:	Requests ERROR_code404
https://www.busjav.fun/DV-1656
ERROR LEVEL:	ERROR
ERROR LOCATION:	.\javseach.py	1180
use_FanHaoInfo_get_VideoInfo
ERROR TIME:	2021-10-29 21:48:11,569
-----------------------------------------------------------

ERROR massage:	Requests ERROR_code404
https://www.busjav.fun/FISH-321
ERROR LEVEL:	ERROR
ERROR LOCATION:	.\javseach.py	1180
use_FanHaoInfo_get_VideoInfo
ERROR TIME:	2021-10-29 21:49:59,245
-----------------------------------------------------------

ERROR massage:	Requests ERROR_code404
https://www.busjav.fun/DECD-411
ERROR LEVEL:	ERROR
ERROR LOCATION:	.\javseach.py	1180
use_FanHaoInfo_get_VideoInfo
ERROR TIME:	2021-10-29 21:59:15,713
-----------------------------------------------------------

ERROR massage:	Requests ERROR_code404
https://www.busjav.fun/DV-1656
ERROR LEVEL:	ERROR
ERROR LOCATION:	.\javseach.py	1180
use_FanHaoInfo_get_VideoInfo
ERROR TIME:	2021-10-29 21:59:20,319
-----------------------------------------------------------

ERROR massage:	Requests ERROR_code404
https://www.busjav.fun/FISH-321
ERROR LEVEL:	ERROR
ERROR LOCATION:	.\javseach.py	1180
use_FanHaoInfo_get_VideoInfo
ERROR TIME:	2021-10-29 21:59:21,360
-----------------------------------------------------------

ERROR massage:	Retrying (Retry(total=2, connect=None, read=None, redirect=None, status=None)) after connection broken by 'ReadTimeoutError("HTTPSConnectionPool(host='www.busjav.fun', port=443): Read timed out. (read timeout=10)")': /HND-990
ERROR LEVEL:	WARNING
ERROR LOCATION:	C:\Anaconda3\lib\site-packages\urllib3\connectionpool.py	744
urlopen
ERROR TIME:	2021-10-29 22:04:36,320
-----------------------------------------------------------

ERROR massage:	Requests ERROR_code404
https://www.busjav.fun/DECD-411
ERROR LEVEL:	ERROR
ERROR LOCATION:	.\javseach.py	1180
use_FanHaoInfo_get_VideoInfo
ERROR TIME:	2021-10-29 22:13:00,702
-----------------------------------------------------------

ERROR massage:	Requests ERROR_code404
https://www.busjav.fun/DV-1656
ERROR LEVEL:	ERROR
ERROR LOCATION:	.\javseach.py	1180
use_FanHaoInfo_get_VideoInfo
ERROR TIME:	2021-10-29 22:13:01,704
-----------------------------------------------------------

ERROR massage:	Requests ERROR_code404
https://www.busjav.fun/FISH-321
ERROR LEVEL:	ERROR
ERROR LOCATION:	.\javseach.py	1180
use_FanHaoInfo_get_VideoInfo
ERROR TIME:	2021-10-29 22:13:02,813
-----------------------------------------------------------

ERROR massage:	Retrying (Retry(total=2, connect=None, read=None, redirect=None, status=None)) after connection broken by 'ReadTimeoutError("HTTPSConnectionPool(host='www.busjav.fun', port=443): Read timed out. (read timeout=10)")': /pics/cover/7nue_b.jpg
ERROR LEVEL:	WARNING
ERROR LOCATION:	C:\Anaconda3\lib\site-packages\urllib3\connectionpool.py	744
urlopen
ERROR TIME:	2021-10-29 22:14:21,913
-----------------------------------------------------------

ERROR massage:	Retrying (Retry(total=2, connect=None, read=None, redirect=None, status=None)) after connection broken by 'ReadTimeoutError("HTTPSConnectionPool(host='www.busjav.fun', port=443): Read timed out. (read timeout=10)")': /IPZ-127
ERROR LEVEL:	WARNING
ERROR LOCATION:	C:\Anaconda3\lib\site-packages\urllib3\connectionpool.py	744
urlopen
ERROR TIME:	2021-10-29 22:17:39,284
-----------------------------------------------------------

ERROR massage:	Retrying (Retry(total=2, connect=None, read=None, redirect=None, status=None)) after connection broken by 'ReadTimeoutError("HTTPSConnectionPool(host='www.busjav.fun', port=443): Read timed out. (read timeout=10)")': /JUY-812
ERROR LEVEL:	WARNING
ERROR LOCATION:	C:\Anaconda3\lib\site-packages\urllib3\connectionpool.py	744
urlopen
ERROR TIME:	2021-10-29 22:26:17,949
-----------------------------------------------------------

ERROR massage:	Retrying (Retry(total=2, connect=None, read=None, redirect=None, status=None)) after connection broken by 'ReadTimeoutError("HTTPSConnectionPool(host='www.busjav.fun', port=443): Read timed out. (read timeout=10)")': /JUY-819
ERROR LEVEL:	WARNING
ERROR LOCATION:	C:\Anaconda3\lib\site-packages\urllib3\connectionpool.py	744
urlopen
ERROR TIME:	2021-10-29 22:27:25,462
-----------------------------------------------------------

ERROR massage:	Requests ERROR_code404
https://www.busjav.fun/KAWA-731
ERROR LEVEL:	ERROR
ERROR LOCATION:	.\javseach.py	1180
use_FanHaoInfo_get_VideoInfo
ERROR TIME:	2021-10-29 22:28:38,221
-----------------------------------------------------------

ERROR massage:	Retrying (Retry(total=2, connect=None, read=None, redirect=None, status=None)) after connection broken by 'ReadTimeoutError("HTTPSConnectionPool(host='www.busjav.fun', port=443): Read timed out. (read timeout=10)")': /pics/cover/7pe1_b.jpg
ERROR LEVEL:	WARNING
ERROR LOCATION:	C:\Anaconda3\lib\site-packages\urllib3\connectionpool.py	744
urlopen
ERROR TIME:	2021-10-29 22:43:13,139
-----------------------------------------------------------

ERROR massage:	Retrying (Retry(total=2, connect=None, read=None, redirect=None, status=None)) after connection broken by 'ReadTimeoutError("HTTPSConnectionPool(host='www.busjav.fun', port=443): Read timed out. (read timeout=10)")': /MIDE-643
ERROR LEVEL:	WARNING
ERROR LOCATION:	C:\Anaconda3\lib\site-packages\urllib3\connectionpool.py	744
urlopen
ERROR TIME:	2021-10-29 22:55:36,419
-----------------------------------------------------------

ERROR massage:	Retrying (Retry(total=2, connect=None, read=None, redirect=None, status=None)) after connection broken by 'ReadTimeoutError("HTTPSConnectionPool(host='www.busjav.fun', port=443): Read timed out. (read timeout=10)")': /MIDE-842
ERROR LEVEL:	WARNING
ERROR LOCATION:	C:\Anaconda3\lib\site-packages\urllib3\connectionpool.py	744
urlopen
ERROR TIME:	2021-10-29 22:58:14,187
-----------------------------------------------------------

ERROR massage:	Retrying (Retry(total=2, connect=None, read=None, redirect=None, status=None)) after connection broken by 'ReadTimeoutError("HTTPSConnectionPool(host='www.busjav.fun', port=443): Read timed out. (read timeout=10)")': /MIDE-923
ERROR LEVEL:	WARNING
ERROR LOCATION:	C:\Anaconda3\lib\site-packages\urllib3\connectionpool.py	744
urlopen
ERROR TIME:	2021-10-29 22:58:48,368
-----------------------------------------------------------

ERROR massage:	Retrying (Retry(total=2, connect=None, read=None, redirect=None, status=None)) after connection broken by 'ReadTimeoutError("HTTPSConnectionPool(host='www.busjav.fun', port=443): Read timed out. (read timeout=10)")': /MIMK-070
ERROR LEVEL:	WARNING
ERROR LOCATION:	C:\Anaconda3\lib\site-packages\urllib3\connectionpool.py	744
urlopen
ERROR TIME:	2021-10-29 22:59:52,921
-----------------------------------------------------------

ERROR massage:	Requests ERROR_code404
https://www.busjav.fun/MXGS-784
ERROR LEVEL:	ERROR
ERROR LOCATION:	.\javseach.py	1180
use_FanHaoInfo_get_VideoInfo
ERROR TIME:	2021-10-29 23:06:44,543
-----------------------------------------------------------

ERROR massage:	Retrying (Retry(total=2, connect=None, read=None, redirect=None, status=None)) after connection broken by 'ReadTimeoutError("HTTPSConnectionPool(host='www.busjav.fun', port=443): Read timed out. (read timeout=10)")': /pics/cover/72yq_b.jpg
ERROR LEVEL:	WARNING
ERROR LOCATION:	C:\Anaconda3\lib\site-packages\urllib3\connectionpool.py	744
urlopen
ERROR TIME:	2021-10-29 23:30:48,306
-----------------------------------------------------------

ERROR massage:	Retrying (Retry(total=2, connect=None, read=None, redirect=None, status=None)) after connection broken by 'ReadTimeoutError("HTTPSConnectionPool(host='www.busjav.fun', port=443): Read timed out. (read timeout=10)")': /pics/cover/kt9_b.jpg
ERROR LEVEL:	WARNING
ERROR LOCATION:	C:\Anaconda3\lib\site-packages\urllib3\connectionpool.py	744
urlopen
ERROR TIME:	2021-10-29 23:31:43,952
-----------------------------------------------------------

ERROR massage:	Requests ERROR_code404
https://www.busjav.fun/SDS-055
ERROR LEVEL:	ERROR
ERROR LOCATION:	.\javseach.py	1180
use_FanHaoInfo_get_VideoInfo
ERROR TIME:	2021-10-29 23:35:53,098
-----------------------------------------------------------

ERROR massage:	Requests ERROR_code404
https://www.busjav.fun/SERO-158
ERROR LEVEL:	ERROR
ERROR LOCATION:	.\javseach.py	1180
use_FanHaoInfo_get_VideoInfo
ERROR TIME:	2021-10-29 23:35:54,763
-----------------------------------------------------------

ERROR massage:	Retrying (Retry(total=2, connect=None, read=None, redirect=None, status=None)) after connection broken by 'ReadTimeoutError("HTTPSConnectionPool(host='www.busjav.fun', port=443): Read timed out. (read timeout=10)")': /SKY-124
ERROR LEVEL:	WARNING
ERROR LOCATION:	C:\Anaconda3\lib\site-packages\urllib3\connectionpool.py	744
urlopen
ERROR TIME:	2021-10-29 23:36:05,102
-----------------------------------------------------------

ERROR massage:	Retrying (Retry(total=2, connect=None, read=None, redirect=None, status=None)) after connection broken by 'ReadTimeoutError("HTTPSConnectionPool(host='www.busjav.fun', port=443): Read timed out. (read timeout=10)")': /pics/cover/5xtv_b.jpg
ERROR LEVEL:	WARNING
ERROR LOCATION:	C:\Anaconda3\lib\site-packages\urllib3\connectionpool.py	744
urlopen
ERROR TIME:	2021-10-29 23:49:24,166
-----------------------------------------------------------

ERROR massage:	Retrying (Retry(total=2, connect=None, read=None, redirect=None, status=None)) after connection broken by 'ReadTimeoutError("HTTPSConnectionPool(host='www.busjav.fun', port=443): Read timed out. (read timeout=10)")': /pics/cover/ild_b.jpg
ERROR LEVEL:	WARNING
ERROR LOCATION:	C:\Anaconda3\lib\site-packages\urllib3\connectionpool.py	744
urlopen
ERROR TIME:	2021-10-29 23:55:19,492
-----------------------------------------------------------

ERROR massage:	Retrying (Retry(total=2, connect=None, read=None, redirect=None, status=None)) after connection broken by 'ReadTimeoutError("HTTPSConnectionPool(host='www.busjav.fun', port=443): Read timed out. (read timeout=10)")': /pics/cover/8cdf_b.jpg
ERROR LEVEL:	WARNING
ERROR LOCATION:	C:\Anaconda3\lib\site-packages\urllib3\connectionpool.py	744
urlopen
ERROR TIME:	2021-10-29 23:57:11,043
-----------------------------------------------------------

ERROR massage:	Retrying (Retry(total=2, connect=None, read=None, redirect=None, status=None)) after connection broken by 'ReadTimeoutError("HTTPSConnectionPool(host='www.busjav.fun', port=443): Read timed out. (read timeout=10)")': /pics/cover/8i2b_b.jpg
ERROR LEVEL:	WARNING
ERROR LOCATION:	C:\Anaconda3\lib\site-packages\urllib3\connectionpool.py	744
urlopen
ERROR TIME:	2021-10-29 23:59:30,526
-----------------------------------------------------------

ERROR massage:	Retrying (Retry(total=2, connect=None, read=None, redirect=None, status=None)) after connection broken by 'ReadTimeoutError("HTTPSConnectionPool(host='www.busjav.fun', port=443): Read timed out. (read timeout=10)")': /pics/cover/71pi_b.jpg
ERROR LEVEL:	WARNING
ERROR LOCATION:	C:\Anaconda3\lib\site-packages\urllib3\connectionpool.py	744
urlopen
ERROR TIME:	2021-10-30 00:03:22,432
-----------------------------------------------------------

ERROR massage:	Retrying (Retry(total=2, connect=None, read=None, redirect=None, status=None)) after connection broken by 'ReadTimeoutError("HTTPSConnectionPool(host='www.busjav.fun', port=443): Read timed out. (read timeout=10)")': /pics/cover/78jw_b.jpg
ERROR LEVEL:	WARNING
ERROR LOCATION:	C:\Anaconda3\lib\site-packages\urllib3\connectionpool.py	744
urlopen
ERROR TIME:	2021-10-30 00:12:03,074
-----------------------------------------------------------

ERROR massage:	Retrying (Retry(total=2, connect=None, read=None, redirect=None, status=None)) after connection broken by 'ReadTimeoutError("HTTPSConnectionPool(host='www.busjav.fun', port=443): Read timed out. (read timeout=10)")': /SSNI-591
ERROR LEVEL:	WARNING
ERROR LOCATION:	C:\Anaconda3\lib\site-packages\urllib3\connectionpool.py	744
urlopen
ERROR TIME:	2021-10-30 00:14:41,452
-----------------------------------------------------------

ERROR massage:	Retrying (Retry(total=2, connect=None, read=None, redirect=None, status=None)) after connection broken by 'ReadTimeoutError("HTTPSConnectionPool(host='www.busjav.fun', port=443): Read timed out. (read timeout=10)")': /SSNI-606
ERROR LEVEL:	WARNING
ERROR LOCATION:	C:\Anaconda3\lib\site-packages\urllib3\connectionpool.py	744
urlopen
ERROR TIME:	2021-10-30 00:15:22,816
-----------------------------------------------------------

ERROR massage:	Retrying (Retry(total=2, connect=None, read=None, redirect=None, status=None)) after connection broken by 'ReadTimeoutError("HTTPSConnectionPool(host='www.busjav.fun', port=443): Read timed out. (read timeout=10)")': /SSNI-647
ERROR LEVEL:	WARNING
ERROR LOCATION:	C:\Anaconda3\lib\site-packages\urllib3\connectionpool.py	744
urlopen
ERROR TIME:	2021-10-30 00:16:18,713
-----------------------------------------------------------

ERROR massage:	Retrying (Retry(total=2, connect=None, read=None, redirect=None, status=None)) after connection broken by 'ReadTimeoutError("HTTPSConnectionPool(host='www.busjav.fun', port=443): Read timed out. (read timeout=10)")': /pics/cover/7zvk_b.jpg
ERROR LEVEL:	WARNING
ERROR LOCATION:	C:\Anaconda3\lib\site-packages\urllib3\connectionpool.py	744
urlopen
ERROR TIME:	2021-10-30 00:23:13,054
-----------------------------------------------------------

ERROR massage:	Retrying (Retry(total=2, connect=None, read=None, redirect=None, status=None)) after connection broken by 'ReadTimeoutError("HTTPSConnectionPool(host='www.busjav.fun', port=443): Read timed out. (read timeout=10)")': /pics/cover/7o7e_b.jpg
ERROR LEVEL:	WARNING
ERROR LOCATION:	C:\Anaconda3\lib\site-packages\urllib3\connectionpool.py	744
urlopen
ERROR TIME:	2021-10-30 00:27:07,055
-----------------------------------------------------------

ERROR massage:	Retrying (Retry(total=2, connect=None, read=None, redirect=None, status=None)) after connection broken by 'ReadTimeoutError("HTTPSConnectionPool(host='www.busjav.fun', port=443): Read timed out. (read timeout=10)")': /STARS-257
ERROR LEVEL:	WARNING
ERROR LOCATION:	C:\Anaconda3\lib\site-packages\urllib3\connectionpool.py	744
urlopen
ERROR TIME:	2021-10-30 00:27:48,500
-----------------------------------------------------------

ERROR massage:	Requests ERROR_code404
https://www.busjav.fun/TOS-003
ERROR LEVEL:	ERROR
ERROR LOCATION:	.\javseach.py	1180
use_FanHaoInfo_get_VideoInfo
ERROR TIME:	2021-10-30 00:31:50,582
-----------------------------------------------------------

ERROR massage:	Requests ERROR_code404
https://www.busjav.fun/YSN-463
ERROR LEVEL:	ERROR
ERROR LOCATION:	.\javseach.py	1180
use_FanHaoInfo_get_VideoInfo
ERROR TIME:	2021-10-30 00:38:57,012
-----------------------------------------------------------

ERROR massage:	Retrying (Retry(total=2, connect=None, read=None, redirect=None, status=None)) after connection broken by 'ReadTimeoutError("HTTPSConnectionPool(host='www.busjav.fun', port=443): Read timed out. (read timeout=10)")': /pics/cover/68rl_b.jpg
ERROR LEVEL:	WARNING
ERROR LOCATION:	C:\Anaconda3\lib\site-packages\urllib3\connectionpool.py	744
urlopen
ERROR TIME:	2021-10-30 02:22:57,693
-----------------------------------------------------------

ERROR massage:	Requests ERROR_code404
https://www.busjav.fun/DECD-411
ERROR LEVEL:	ERROR
ERROR LOCATION:	.\javseach.py	1184
use_FanHaoInfo_get_VideoInfo
ERROR TIME:	2021-10-30 02:24:23,400
-----------------------------------------------------------

ERROR massage:	Retrying (Retry(total=2, connect=None, read=None, redirect=None, status=None)) after connection broken by 'ReadTimeoutError("HTTPSConnectionPool(host='www.busjav.fun', port=443): Read timed out. (read timeout=10)")': /DV-1656
ERROR LEVEL:	WARNING
ERROR LOCATION:	C:\Anaconda3\lib\site-packages\urllib3\connectionpool.py	744
urlopen
ERROR TIME:	2021-10-30 02:24:45,145
-----------------------------------------------------------

ERROR massage:	Requests ERROR_code404
https://www.busjav.fun/DV-1656
ERROR LEVEL:	ERROR
ERROR LOCATION:	.\javseach.py	1184
use_FanHaoInfo_get_VideoInfo
ERROR TIME:	2021-10-30 02:24:48,338
-----------------------------------------------------------

ERROR massage:	Requests ERROR_code404
https://www.busjav.fun/DVAJ-331
ERROR LEVEL:	ERROR
ERROR LOCATION:	.\javseach.py	1184
use_FanHaoInfo_get_VideoInfo
ERROR TIME:	2021-10-30 02:25:09,234
-----------------------------------------------------------

ERROR massage:	Requests ERROR_code404
https://www.busjav.fun/FISH-321
ERROR LEVEL:	ERROR
ERROR LOCATION:	.\javseach.py	1184
use_FanHaoInfo_get_VideoInfo
ERROR TIME:	2021-10-30 02:25:21,474
-----------------------------------------------------------

ERROR massage:	Requests ERROR_code404
https://www.busjav.fun/KAWA-731
ERROR LEVEL:	ERROR
ERROR LOCATION:	.\javseach.py	1184
use_FanHaoInfo_get_VideoInfo
ERROR TIME:	2021-10-30 02:27:30,478
-----------------------------------------------------------

ERROR massage:	Retrying (Retry(total=2, connect=None, read=None, redirect=None, status=None)) after connection broken by 'ReadTimeoutError("HTTPSConnectionPool(host='www.busjav.fun', port=443): Read timed out. (read timeout=10)")': /MEYD-421
ERROR LEVEL:	WARNING
ERROR LOCATION:	C:\Anaconda3\lib\site-packages\urllib3\connectionpool.py	744
urlopen
ERROR TIME:	2021-10-30 02:28:09,196
-----------------------------------------------------------

ERROR massage:	Requests ERROR_code404
https://www.busjav.fun/MXGS-784
ERROR LEVEL:	ERROR
ERROR LOCATION:	.\javseach.py	1184
use_FanHaoInfo_get_VideoInfo
ERROR TIME:	2021-10-30 02:28:52,591
-----------------------------------------------------------

ERROR massage:	Requests ERROR_code404
https://www.busjav.fun/SDS-055
ERROR LEVEL:	ERROR
ERROR LOCATION:	.\javseach.py	1184
use_FanHaoInfo_get_VideoInfo
ERROR TIME:	2021-10-30 02:29:43,925
-----------------------------------------------------------

ERROR massage:	Requests ERROR_code404
https://www.busjav.fun/SERO-158
ERROR LEVEL:	ERROR
ERROR LOCATION:	.\javseach.py	1184
use_FanHaoInfo_get_VideoInfo
ERROR TIME:	2021-10-30 02:29:46,905
-----------------------------------------------------------

ERROR massage:	Retrying (Retry(total=2, connect=None, read=None, redirect=None, status=None)) after connection broken by 'ReadTimeoutError("HTTPSConnectionPool(host='www.busjav.fun', port=443): Read timed out. (read timeout=10)")': /pics/cover/73na_b.jpg
ERROR LEVEL:	WARNING
ERROR LOCATION:	C:\Anaconda3\lib\site-packages\urllib3\connectionpool.py	744
urlopen
ERROR TIME:	2021-10-30 02:30:26,839
-----------------------------------------------------------

ERROR massage:	Requests ERROR_code404
https://www.busjav.fun/TOS-003
ERROR LEVEL:	ERROR
ERROR LOCATION:	.\javseach.py	1184
use_FanHaoInfo_get_VideoInfo
ERROR TIME:	2021-10-30 02:31:09,995
-----------------------------------------------------------

ERROR massage:	Retrying (Retry(total=2, connect=None, read=None, redirect=None, status=None)) after connection broken by 'ReadTimeoutError("HTTPSConnectionPool(host='www.busjav.fun', port=443): Read timed out. (read timeout=10)")': /pics/cover/6tk8_b.jpg
ERROR LEVEL:	WARNING
ERROR LOCATION:	C:\Anaconda3\lib\site-packages\urllib3\connectionpool.py	744
urlopen
ERROR TIME:	2021-10-30 02:31:21,321
-----------------------------------------------------------

ERROR massage:	Requests ERROR_code404
https://www.busjav.fun/YSN-463
ERROR LEVEL:	ERROR
ERROR LOCATION:	.\javseach.py	1184
use_FanHaoInfo_get_VideoInfo
ERROR TIME:	2021-10-30 02:32:26,237
-----------------------------------------------------------

ERROR massage:	Requests ERROR_code404
https://www.busjav.fun/ADZ-178
ERROR LEVEL:	ERROR
ERROR LOCATION:	.\javseach.py	1184
use_FanHaoInfo_get_VideoInfo
ERROR TIME:	2021-10-30 02:33:02,545
-----------------------------------------------------------

ERROR massage:	Requests ERROR_code404
https://www.busjav.fun/CA4B-4
ERROR LEVEL:	ERROR
ERROR LOCATION:	.\javseach.py	1184
use_FanHaoInfo_get_VideoInfo
ERROR TIME:	2021-10-30 02:38:46,894
-----------------------------------------------------------

ERROR massage:	Requests ERROR_code404
https://www.busjav.fun/CARIB-021221-001
ERROR LEVEL:	ERROR
ERROR LOCATION:	.\javseach.py	1184
use_FanHaoInfo_get_VideoInfo
ERROR TIME:	2021-10-30 02:39:17,297
-----------------------------------------------------------

ERROR massage:	Requests ERROR_code404
https://www.busjav.fun/CARIB-041516-138
ERROR LEVEL:	ERROR
ERROR LOCATION:	.\javseach.py	1184
use_FanHaoInfo_get_VideoInfo
ERROR TIME:	2021-10-30 02:39:20,058
-----------------------------------------------------------

ERROR massage:	Retrying (Retry(total=2, connect=None, read=None, redirect=None, status=None)) after connection broken by 'ReadTimeoutError("HTTPSConnectionPool(host='www.busjav.fun', port=443): Read timed out. (read timeout=10)")': /imgs/bigsample/3cn_b_8.jpg
ERROR LEVEL:	WARNING
ERROR LOCATION:	C:\Anaconda3\lib\site-packages\urllib3\connectionpool.py	744
urlopen
ERROR TIME:	2021-10-30 02:46:59,040
-----------------------------------------------------------

ERROR massage:	Retrying (Retry(total=2, connect=None, read=None, redirect=None, status=None)) after connection broken by 'ReadTimeoutError("HTTPSConnectionPool(host='www.busjav.fun', port=443): Read timed out. (read timeout=10)")': /DT-001
ERROR LEVEL:	WARNING
ERROR LOCATION:	C:\Anaconda3\lib\site-packages\urllib3\connectionpool.py	744
urlopen
ERROR TIME:	2021-10-30 02:47:19,982
-----------------------------------------------------------

ERROR massage:	Requests ERROR_code404
https://www.busjav.fun/DV-1205
ERROR LEVEL:	ERROR
ERROR LOCATION:	.\javseach.py	1184
use_FanHaoInfo_get_VideoInfo
ERROR TIME:	2021-10-30 02:47:25,964
-----------------------------------------------------------

ERROR massage:	Requests ERROR_code404
https://www.busjav.fun/FC2PPV-772760
ERROR LEVEL:	ERROR
ERROR LOCATION:	.\javseach.py	1184
use_FanHaoInfo_get_VideoInfo
ERROR TIME:	2021-10-30 02:51:09,192
-----------------------------------------------------------

ERROR massage:	Requests ERROR_code404
https://www.busjav.fun/H4610
ERROR LEVEL:	ERROR
ERROR LOCATION:	.\javseach.py	1184
use_FanHaoInfo_get_VideoInfo
ERROR TIME:	2021-10-30 02:53:22,663
-----------------------------------------------------------

ERROR massage:	Requests ERROR_code404
https://www.busjav.fun/H930
ERROR LEVEL:	ERROR
ERROR LOCATION:	.\javseach.py	1184
use_FanHaoInfo_get_VideoInfo
ERROR TIME:	2021-10-30 02:53:25,234
-----------------------------------------------------------

ERROR massage:	Requests ERROR_code404
https://www.busjav.fun/HEYZO-408
ERROR LEVEL:	ERROR
ERROR LOCATION:	.\javseach.py	1184
use_FanHaoInfo_get_VideoInfo
ERROR TIME:	2021-10-30 02:55:23,608
-----------------------------------------------------------

ERROR massage:	Requests ERROR_code404
https://www.busjav.fun/HEYZO-566
ERROR LEVEL:	ERROR
ERROR LOCATION:	.\javseach.py	1184
use_FanHaoInfo_get_VideoInfo
ERROR TIME:	2021-10-30 02:55:27,601
-----------------------------------------------------------

ERROR massage:	Requests ERROR_code404
https://www.busjav.fun/KIRAY-119
ERROR LEVEL:	ERROR
ERROR LOCATION:	.\javseach.py	1184
use_FanHaoInfo_get_VideoInfo
ERROR TIME:	2021-10-30 03:05:43,160
-----------------------------------------------------------

ERROR massage:	Requests ERROR_code404
https://www.busjav.fun/LATIVE-140
ERROR LEVEL:	ERROR
ERROR LOCATION:	.\javseach.py	1184
use_FanHaoInfo_get_VideoInfo
ERROR TIME:	2021-10-30 03:05:45,139
-----------------------------------------------------------

ERROR massage:	Requests ERROR_code404
https://www.busjav.fun/LID-047
ERROR LEVEL:	ERROR
ERROR LOCATION:	.\javseach.py	1184
use_FanHaoInfo_get_VideoInfo
ERROR TIME:	2021-10-30 03:05:46,501
-----------------------------------------------------------

ERROR massage:	Requests ERROR_code404
https://www.busjav.fun/MXGS-405
ERROR LEVEL:	ERROR
ERROR LOCATION:	.\javseach.py	1184
use_FanHaoInfo_get_VideoInfo
ERROR TIME:	2021-10-30 03:15:12,949
-----------------------------------------------------------

ERROR massage:	Requests ERROR_code404
https://www.busjav.fun/MXGS-425
ERROR LEVEL:	ERROR
ERROR LOCATION:	.\javseach.py	1184
use_FanHaoInfo_get_VideoInfo
ERROR TIME:	2021-10-30 03:15:15,983
-----------------------------------------------------------

ERROR massage:	Requests ERROR_code404
https://www.busjav.fun/NSPS-281
ERROR LEVEL:	ERROR
ERROR LOCATION:	.\javseach.py	1184
use_FanHaoInfo_get_VideoInfo
ERROR TIME:	2021-10-30 03:17:03,039
-----------------------------------------------------------

ERROR massage:	Requests ERROR_code404
https://www.busjav.fun/PPV-1197848
ERROR LEVEL:	ERROR
ERROR LOCATION:	.\javseach.py	1184
use_FanHaoInfo_get_VideoInfo
ERROR TIME:	2021-10-30 03:19:21,171
-----------------------------------------------------------

ERROR massage:	Requests ERROR_code404
https://www.busjav.fun/PPV-1197857
ERROR LEVEL:	ERROR
ERROR LOCATION:	.\javseach.py	1184
use_FanHaoInfo_get_VideoInfo
ERROR TIME:	2021-10-30 03:19:22,055
-----------------------------------------------------------

ERROR massage:	Requests ERROR_code404
https://www.busjav.fun/PPV-1197861
ERROR LEVEL:	ERROR
ERROR LOCATION:	.\javseach.py	1184
use_FanHaoInfo_get_VideoInfo
ERROR TIME:	2021-10-30 03:19:22,926
-----------------------------------------------------------

ERROR massage:	Requests ERROR_code404
https://www.busjav.fun/PPV-1197862
ERROR LEVEL:	ERROR
ERROR LOCATION:	.\javseach.py	1184
use_FanHaoInfo_get_VideoInfo
ERROR TIME:	2021-10-30 03:19:23,830
-----------------------------------------------------------

ERROR massage:	Requests ERROR_code404
https://www.busjav.fun/PPV-1197865
ERROR LEVEL:	ERROR
ERROR LOCATION:	.\javseach.py	1184
use_FanHaoInfo_get_VideoInfo
ERROR TIME:	2021-10-30 03:19:24,664
-----------------------------------------------------------

ERROR massage:	Requests ERROR_code404
https://www.busjav.fun/PPV-1202738
ERROR LEVEL:	ERROR
ERROR LOCATION:	.\javseach.py	1184
use_FanHaoInfo_get_VideoInfo
ERROR TIME:	2021-10-30 03:19:25,582
-----------------------------------------------------------

ERROR massage:	Requests ERROR_code404
https://www.busjav.fun/PPV-1204330
ERROR LEVEL:	ERROR
ERROR LOCATION:	.\javseach.py	1184
use_FanHaoInfo_get_VideoInfo
ERROR TIME:	2021-10-30 03:19:26,461
-----------------------------------------------------------

ERROR massage:	Requests ERROR_code404
https://www.busjav.fun/PPV-1204745
ERROR LEVEL:	ERROR
ERROR LOCATION:	.\javseach.py	1184
use_FanHaoInfo_get_VideoInfo
ERROR TIME:	2021-10-30 03:19:27,322
-----------------------------------------------------------

ERROR massage:	Requests ERROR_code404
https://www.busjav.fun/PPV-1363464
ERROR LEVEL:	ERROR
ERROR LOCATION:	.\javseach.py	1184
use_FanHaoInfo_get_VideoInfo
ERROR TIME:	2021-10-30 03:19:28,259
-----------------------------------------------------------

ERROR massage:	Requests ERROR_code404
https://www.busjav.fun/PPV-1399220
ERROR LEVEL:	ERROR
ERROR LOCATION:	.\javseach.py	1184
use_FanHaoInfo_get_VideoInfo
ERROR TIME:	2021-10-30 03:19:30,007
-----------------------------------------------------------

ERROR massage:	Requests ERROR_code404
https://www.busjav.fun/PPV-1519177
ERROR LEVEL:	ERROR
ERROR LOCATION:	.\javseach.py	1184
use_FanHaoInfo_get_VideoInfo
ERROR TIME:	2021-10-30 03:19:30,786
-----------------------------------------------------------

ERROR massage:	Requests ERROR_code404
https://www.busjav.fun/PPV-578523
ERROR LEVEL:	ERROR
ERROR LOCATION:	.\javseach.py	1184
use_FanHaoInfo_get_VideoInfo
ERROR TIME:	2021-10-30 03:19:31,695
-----------------------------------------------------------

ERROR massage:	Requests ERROR_code404
https://www.busjav.fun/PPV-680
ERROR LEVEL:	ERROR
ERROR LOCATION:	.\javseach.py	1184
use_FanHaoInfo_get_VideoInfo
ERROR TIME:	2021-10-30 03:19:32,563
-----------------------------------------------------------

ERROR massage:	Requests ERROR_code404
https://www.busjav.fun/PUSSY-1
ERROR LEVEL:	ERROR
ERROR LOCATION:	.\javseach.py	1184
use_FanHaoInfo_get_VideoInfo
ERROR TIME:	2021-10-30 03:20:36,785
-----------------------------------------------------------

ERROR massage:	Requests ERROR_code404
https://www.busjav.fun/QR-1024
ERROR LEVEL:	ERROR
ERROR LOCATION:	.\javseach.py	1184
use_FanHaoInfo_get_VideoInfo
ERROR TIME:	2021-10-30 03:20:38,738
-----------------------------------------------------------

ERROR massage:	Requests ERROR_code404
https://www.busjav.fun/SDNM-305
ERROR LEVEL:	ERROR
ERROR LOCATION:	.\javseach.py	1184
use_FanHaoInfo_get_VideoInfo
ERROR TIME:	2021-10-30 03:25:41,015
-----------------------------------------------------------

ERROR massage:	Requests ERROR_code404
https://www.busjav.fun/SERO-180
ERROR LEVEL:	ERROR
ERROR LOCATION:	.\javseach.py	1184
use_FanHaoInfo_get_VideoInfo
ERROR TIME:	2021-10-30 03:25:41,903
-----------------------------------------------------------

ERROR massage:	Requests ERROR_code404
https://www.busjav.fun/SIRO-1356
ERROR LEVEL:	ERROR
ERROR LOCATION:	.\javseach.py	1184
use_FanHaoInfo_get_VideoInfo
ERROR TIME:	2021-10-30 03:25:59,514
-----------------------------------------------------------

ERROR massage:	Requests ERROR_code404
https://www.busjav.fun/SIRO-3690
ERROR LEVEL:	ERROR
ERROR LOCATION:	.\javseach.py	1184
use_FanHaoInfo_get_VideoInfo
ERROR TIME:	2021-10-30 03:26:00,472
-----------------------------------------------------------

ERROR massage:	Requests ERROR_code404
https://www.busjav.fun/SIRO-3698
ERROR LEVEL:	ERROR
ERROR LOCATION:	.\javseach.py	1184
use_FanHaoInfo_get_VideoInfo
ERROR TIME:	2021-10-30 03:26:01,389
-----------------------------------------------------------

ERROR massage:	Requests ERROR_code404
https://www.busjav.fun/SIRO-3704
ERROR LEVEL:	ERROR
ERROR LOCATION:	.\javseach.py	1184
use_FanHaoInfo_get_VideoInfo
ERROR TIME:	2021-10-30 03:26:02,275
-----------------------------------------------------------

ERROR massage:	Requests ERROR_code404
https://www.busjav.fun/SIRO-3733
ERROR LEVEL:	ERROR
ERROR LOCATION:	.\javseach.py	1184
use_FanHaoInfo_get_VideoInfo
ERROR TIME:	2021-10-30 03:26:03,851
-----------------------------------------------------------

ERROR massage:	Requests ERROR_code404
https://www.busjav.fun/SIRO-3749
ERROR LEVEL:	ERROR
ERROR LOCATION:	.\javseach.py	1184
use_FanHaoInfo_get_VideoInfo
ERROR TIME:	2021-10-30 03:26:04,783
-----------------------------------------------------------

ERROR massage:	Requests ERROR_code404
https://www.busjav.fun/SRHO-028
ERROR LEVEL:	ERROR
ERROR LOCATION:	.\javseach.py	1184
use_FanHaoInfo_get_VideoInfo
ERROR TIME:	2021-10-30 03:29:14,653
-----------------------------------------------------------

ERROR massage:	Requests ERROR_code404
https://www.busjav.fun/SWEET-036
ERROR LEVEL:	ERROR
ERROR LOCATION:	.\javseach.py	1184
use_FanHaoInfo_get_VideoInfo
ERROR TIME:	2021-10-30 03:35:49,743
-----------------------------------------------------------

ERROR massage:	Requests ERROR_code404
https://www.busjav.fun/TMWD-07
ERROR LEVEL:	ERROR
ERROR LOCATION:	.\javseach.py	1184
use_FanHaoInfo_get_VideoInfo
ERROR TIME:	2021-10-30 03:36:07,845
-----------------------------------------------------------

ERROR massage:	Requests ERROR_code404
https://www.busjav.fun/MXGS-694
ERROR LEVEL:	ERROR
ERROR LOCATION:	.\javseach.py	1184
use_FanHaoInfo_get_VideoInfo
ERROR TIME:	2021-10-30 03:39:02,181
-----------------------------------------------------------

ERROR massage:	Requests ERROR_code404
https://www.busjav.fun/10MUSUME-010915-001
ERROR LEVEL:	ERROR
ERROR LOCATION:	.\javseach.py	1184
use_FanHaoInfo_get_VideoInfo
ERROR TIME:	2021-10-30 03:44:02,148
-----------------------------------------------------------

ERROR massage:	Requests ERROR_code404
https://www.busjav.fun/10MUSUME-030610-002
ERROR LEVEL:	ERROR
ERROR LOCATION:	.\javseach.py	1184
use_FanHaoInfo_get_VideoInfo
ERROR TIME:	2021-10-30 03:44:03,037
-----------------------------------------------------------

ERROR massage:	Requests ERROR_code404
https://www.busjav.fun/10MUSUME-030610-003
ERROR LEVEL:	ERROR
ERROR LOCATION:	.\javseach.py	1184
use_FanHaoInfo_get_VideoInfo
ERROR TIME:	2021-10-30 03:44:03,880
-----------------------------------------------------------

ERROR massage:	Requests ERROR_code404
https://www.busjav.fun/10MUSUME-062919-001
ERROR LEVEL:	ERROR
ERROR LOCATION:	.\javseach.py	1184
use_FanHaoInfo_get_VideoInfo
ERROR TIME:	2021-10-30 03:44:04,652
-----------------------------------------------------------

ERROR massage:	Requests ERROR_code404
https://www.busjav.fun/10MUSUME-112412-774
ERROR LEVEL:	ERROR
ERROR LOCATION:	.\javseach.py	1184
use_FanHaoInfo_get_VideoInfo
ERROR TIME:	2021-10-30 03:44:06,832
-----------------------------------------------------------

ERROR massage:	Requests ERROR_code404
https://www.busjav.fun/1PONDO-012812-265
ERROR LEVEL:	ERROR
ERROR LOCATION:	.\javseach.py	1184
use_FanHaoInfo_get_VideoInfo
ERROR TIME:	2021-10-30 03:44:08,272
-----------------------------------------------------------

ERROR massage:	Requests ERROR_code404
https://www.busjav.fun/1PONDO-021513-533
ERROR LEVEL:	ERROR
ERROR LOCATION:	.\javseach.py	1184
use_FanHaoInfo_get_VideoInfo
ERROR TIME:	2021-10-30 03:44:09,154
-----------------------------------------------------------

ERROR massage:	Requests ERROR_code404
https://www.busjav.fun/1PONDO-030312-289
ERROR LEVEL:	ERROR
ERROR LOCATION:	.\javseach.py	1184
use_FanHaoInfo_get_VideoInfo
ERROR TIME:	2021-10-30 03:44:10,924
-----------------------------------------------------------

ERROR massage:	Requests ERROR_code404
https://www.busjav.fun/1PONDO-050314-803
ERROR LEVEL:	ERROR
ERROR LOCATION:	.\javseach.py	1184
use_FanHaoInfo_get_VideoInfo
ERROR TIME:	2021-10-30 03:44:11,846
-----------------------------------------------------------

ERROR massage:	Requests ERROR_code404
https://www.busjav.fun/1PONDO-062715-105
ERROR LEVEL:	ERROR
ERROR LOCATION:	.\javseach.py	1184
use_FanHaoInfo_get_VideoInfo
ERROR TIME:	2021-10-30 03:44:13,329
-----------------------------------------------------------

ERROR massage:	Requests ERROR_code404
https://www.busjav.fun/1PONDO-063009-618
ERROR LEVEL:	ERROR
ERROR LOCATION:	.\javseach.py	1184
use_FanHaoInfo_get_VideoInfo
ERROR TIME:	2021-10-30 03:44:14,194
-----------------------------------------------------------

ERROR massage:	Requests ERROR_code404
https://www.busjav.fun/1PONDO-092415-001
ERROR LEVEL:	ERROR
ERROR LOCATION:	.\javseach.py	1184
use_FanHaoInfo_get_VideoInfo
ERROR TIME:	2021-10-30 03:44:15,100
-----------------------------------------------------------

ERROR massage:	Requests ERROR_code404
https://www.busjav.fun/CARIB-021112-940
ERROR LEVEL:	ERROR
ERROR LOCATION:	.\javseach.py	1184
use_FanHaoInfo_get_VideoInfo
ERROR TIME:	2021-10-30 03:45:16,521
-----------------------------------------------------------

ERROR massage:	Requests ERROR_code404
https://www.busjav.fun/CARIB-040313-304
ERROR LEVEL:	ERROR
ERROR LOCATION:	.\javseach.py	1184
use_FanHaoInfo_get_VideoInfo
ERROR TIME:	2021-10-30 03:45:17,490
-----------------------------------------------------------

ERROR massage:	Requests ERROR_code404
https://www.busjav.fun/CARIB-040913-308
ERROR LEVEL:	ERROR
ERROR LOCATION:	.\javseach.py	1184
use_FanHaoInfo_get_VideoInfo
ERROR TIME:	2021-10-30 03:45:18,301
-----------------------------------------------------------

ERROR massage:	Requests ERROR_code404
https://www.busjav.fun/CARIB-041913-316
ERROR LEVEL:	ERROR
ERROR LOCATION:	.\javseach.py	1184
use_FanHaoInfo_get_VideoInfo
ERROR TIME:	2021-10-30 03:45:19,235
-----------------------------------------------------------

ERROR massage:	Requests ERROR_code404
https://www.busjav.fun/CARIB-042913-324
ERROR LEVEL:	ERROR
ERROR LOCATION:	.\javseach.py	1184
use_FanHaoInfo_get_VideoInfo
ERROR TIME:	2021-10-30 03:45:20,116
-----------------------------------------------------------

ERROR massage:	Requests ERROR_code404
https://www.busjav.fun/CARIB-050613-331
ERROR LEVEL:	ERROR
ERROR LOCATION:	.\javseach.py	1184
use_FanHaoInfo_get_VideoInfo
ERROR TIME:	2021-10-30 03:45:21,039
-----------------------------------------------------------

ERROR massage:	Requests ERROR_code404
https://www.busjav.fun/CARIB-060813-356
ERROR LEVEL:	ERROR
ERROR LOCATION:	.\javseach.py	1184
use_FanHaoInfo_get_VideoInfo
ERROR TIME:	2021-10-30 03:45:21,923
-----------------------------------------------------------

ERROR massage:	Requests ERROR_code404
https://www.busjav.fun/CARIB-072713-392
ERROR LEVEL:	ERROR
ERROR LOCATION:	.\javseach.py	1184
use_FanHaoInfo_get_VideoInfo
ERROR TIME:	2021-10-30 03:45:22,813
-----------------------------------------------------------

ERROR massage:	Requests ERROR_code404
https://www.busjav.fun/CARIB-080313-397
ERROR LEVEL:	ERROR
ERROR LOCATION:	.\javseach.py	1184
use_FanHaoInfo_get_VideoInfo
ERROR TIME:	2021-10-30 03:45:23,793
-----------------------------------------------------------

ERROR massage:	Requests ERROR_code404
https://www.busjav.fun/CARIB-081313-405
ERROR LEVEL:	ERROR
ERROR LOCATION:	.\javseach.py	1184
use_FanHaoInfo_get_VideoInfo
ERROR TIME:	2021-10-30 03:45:24,686
-----------------------------------------------------------

ERROR massage:	Requests ERROR_code404
https://www.busjav.fun/CARIB-081409-593
ERROR LEVEL:	ERROR
ERROR LOCATION:	.\javseach.py	1184
use_FanHaoInfo_get_VideoInfo
ERROR TIME:	2021-10-30 03:45:25,543
-----------------------------------------------------------

ERROR massage:	Requests ERROR_code404
https://www.busjav.fun/CARIB-081413-406
ERROR LEVEL:	ERROR
ERROR LOCATION:	.\javseach.py	1184
use_FanHaoInfo_get_VideoInfo
ERROR TIME:	2021-10-30 03:45:26,516
-----------------------------------------------------------

ERROR massage:	Requests ERROR_code404
https://www.busjav.fun/CARIB-081509-141
ERROR LEVEL:	ERROR
ERROR LOCATION:	.\javseach.py	1184
use_FanHaoInfo_get_VideoInfo
ERROR TIME:	2021-10-30 03:45:27,435
-----------------------------------------------------------

ERROR massage:	Requests ERROR_code404
https://www.busjav.fun/CARIB-081608-834
ERROR LEVEL:	ERROR
ERROR LOCATION:	.\javseach.py	1184
use_FanHaoInfo_get_VideoInfo
ERROR TIME:	2021-10-30 03:45:28,307
-----------------------------------------------------------

ERROR massage:	Requests ERROR_code404
https://www.busjav.fun/CARIB-238
ERROR LEVEL:	ERROR
ERROR LOCATION:	.\javseach.py	1184
use_FanHaoInfo_get_VideoInfo
ERROR TIME:	2021-10-30 03:45:29,237
-----------------------------------------------------------

ERROR massage:	Requests ERROR_code404
https://www.busjav.fun/FC2PPV-2143669
ERROR LEVEL:	ERROR
ERROR LOCATION:	.\javseach.py	1184
use_FanHaoInfo_get_VideoInfo
ERROR TIME:	2021-10-30 03:46:00,054
-----------------------------------------------------------

ERROR massage:	Requests ERROR_code404
https://www.busjav.fun/FLNS-113
ERROR LEVEL:	ERROR
ERROR LOCATION:	.\javseach.py	1184
use_FanHaoInfo_get_VideoInfo
ERROR TIME:	2021-10-30 03:46:00,888
-----------------------------------------------------------

ERROR massage:	Requests ERROR_code404
https://www.busjav.fun/FLNS-114
ERROR LEVEL:	ERROR
ERROR LOCATION:	.\javseach.py	1184
use_FanHaoInfo_get_VideoInfo
ERROR TIME:	2021-10-30 03:46:01,781
-----------------------------------------------------------

ERROR massage:	Requests ERROR_code404
https://www.busjav.fun/LAS-014
ERROR LEVEL:	ERROR
ERROR LOCATION:	.\javseach.py	1184
use_FanHaoInfo_get_VideoInfo
ERROR TIME:	2021-10-30 03:47:18,421
-----------------------------------------------------------

ERROR massage:	Requests ERROR_code404
https://www.busjav.fun/S-CUTE-275
ERROR LEVEL:	ERROR
ERROR LOCATION:	.\javseach.py	1184
use_FanHaoInfo_get_VideoInfo
ERROR TIME:	2021-10-30 03:48:58,366
-----------------------------------------------------------

ERROR massage:	Requests ERROR_code404
https://www.busjav.fun/【明日未来】MIDE-988
ERROR LEVEL:	ERROR
ERROR LOCATION:	D:/PythonCode/home/AV_subtitle/javseach.py	1184
use_FanHaoInfo_get_VideoInfo
ERROR TIME:	2021-10-31 01:42:39,041
-----------------------------------------------------------

ERROR massage:	Requests ERROR_code403
https://www.busjav.fun/.actors
ERROR LEVEL:	ERROR
ERROR LOCATION:	D:/PythonCode/home/AV_subtitle/javseach.py	1184
use_FanHaoInfo_get_VideoInfo
ERROR TIME:	2021-10-31 01:42:40,757
-----------------------------------------------------------

ERROR massage:	Requests ERROR_code404
https://www.busjav.fun/【明日未来】MIDE-988
ERROR LEVEL:	ERROR
ERROR LOCATION:	D:/PythonCode/home/AV_subtitle/javseach.py	1184
use_FanHaoInfo_get_VideoInfo
ERROR TIME:	2021-10-31 01:43:23,067
-----------------------------------------------------------

ERROR massage:	Requests ERROR_code403
https://www.busjav.fun/.actors
ERROR LEVEL:	ERROR
ERROR LOCATION:	D:/PythonCode/home/AV_subtitle/javseach.py	1184
use_FanHaoInfo_get_VideoInfo
ERROR TIME:	2021-10-31 01:43:25,868
-----------------------------------------------------------

ERROR massage:	Requests ERROR_code404
https://www.busjav.fun/】
ERROR LEVEL:	ERROR
ERROR LOCATION:	D:/PythonCode/home/AV_subtitle/javseach.py	1188
use_FanHaoInfo_get_VideoInfo
ERROR TIME:	2021-10-31 01:46:37,991
-----------------------------------------------------------

ERROR massage:	Requests ERROR_code404
https://www.busjav.fun/】
ERROR LEVEL:	ERROR
ERROR LOCATION:	D:/PythonCode/home/AV_subtitle/javseach.py	1191
use_FanHaoInfo_get_VideoInfo
ERROR TIME:	2021-10-31 01:50:26,862
-----------------------------------------------------------

ERROR massage:	Requests ERROR_code403
https://www.busjav.fun/.actors
ERROR LEVEL:	ERROR
ERROR LOCATION:	D:/PythonCode/home/AV_subtitle/javseach.py	1191
use_FanHaoInfo_get_VideoInfo
ERROR TIME:	2021-10-31 01:50:29,684
-----------------------------------------------------------

ERROR massage:	Requests ERROR_code404
https://www.busjav.fun/】
ERROR LEVEL:	ERROR
ERROR LOCATION:	D:/PythonCode/home/AV_subtitle/javseach.py	1192
use_FanHaoInfo_get_VideoInfo
ERROR TIME:	2021-10-31 01:52:36,220
-----------------------------------------------------------

ERROR massage:	Requests ERROR_code403
https://www.busjav.fun/.actors
ERROR LEVEL:	ERROR
ERROR LOCATION:	D:/PythonCode/home/AV_subtitle/javseach.py	1192
use_FanHaoInfo_get_VideoInfo
ERROR TIME:	2021-10-31 01:52:38,212
-----------------------------------------------------------

