INFO:scrapy.utils.log:Scrapy 2.4.1 started (bot: shangQing)
INFO:scrapy.utils.log:Versions: lxml 4.6.4.0, libxml2 2.9.12, cssselect 1.1.0, parsel 1.6.0, w3lib 1.22.0, Twisted 20.3.0, Python 3.8.12 | packaged by conda-forge | (default, Oct 12 2021, 21:22:46) [MSC v.1916 64 bit (AMD64)], pyOpenSSL 21.0.0 (OpenSSL 1.1.1n  15 Mar 2022), cryptography 35.0.0, Platform Windows-10-10.0.19043-SP0
DEBUG:scrapy.utils.log:Using reactor: twisted.internet.selectreactor.SelectReactor
INFO:scrapy.crawler:Overridden settings:
{'BOT_NAME': 'shangQing',
 'CLOSESPIDER_ERRORCOUNT': 10,
 'CONCURRENT_REQUESTS': 32,
 'CONCURRENT_REQUESTS_PER_IP': 16,
 'COOKIES_DEBUG': True,
 'DOWNLOAD_DELAY': 3,
 'DOWNLOAD_TIMEOUT': 120,
 'NEWSPIDER_MODULE': 'shangQing.spiders',
 'SPIDER_MODULES': ['shangQing.spiders']}
INFO:scrapy.extensions.telnet:Telnet Password: 9fe7c58f7d37237c
INFO:scrapy.middleware:Enabled extensions:
['scrapy.extensions.corestats.CoreStats',
 'scrapy.extensions.telnet.TelnetConsole',
 'scrapy.extensions.closespider.CloseSpider',
 'scrapy.extensions.logstats.LogStats']
INFO:scrapy.middleware:Enabled downloader middlewares:
['scrapy.downloadermiddlewares.httpauth.HttpAuthMiddleware',
 'scrapy.downloadermiddlewares.downloadtimeout.DownloadTimeoutMiddleware',
 'scrapy.downloadermiddlewares.defaultheaders.DefaultHeadersMiddleware',
 'scrapy.downloadermiddlewares.useragent.UserAgentMiddleware',
 'scrapy.downloadermiddlewares.retry.RetryMiddleware',
 'scrapy.downloadermiddlewares.redirect.MetaRefreshMiddleware',
 'scrapy.downloadermiddlewares.httpcompression.HttpCompressionMiddleware',
 'scrapy.downloadermiddlewares.redirect.RedirectMiddleware',
 'scrapy.downloadermiddlewares.cookies.CookiesMiddleware',
 'scrapy.downloadermiddlewares.httpproxy.HttpProxyMiddleware',
 'scrapy.downloadermiddlewares.stats.DownloaderStats']
INFO:scrapy.middleware:Enabled spider middlewares:
['scrapy.spidermiddlewares.httperror.HttpErrorMiddleware',
 'scrapy.spidermiddlewares.offsite.OffsiteMiddleware',
 'scrapy.spidermiddlewares.referer.RefererMiddleware',
 'scrapy.spidermiddlewares.urllength.UrlLengthMiddleware',
 'scrapy.spidermiddlewares.depth.DepthMiddleware']
INFO:scrapy.middleware:Enabled item pipelines:
['shangQing.pipelines.ShangqingPipeline']
INFO:scrapy.core.engine:Spider opened
INFO:scrapy.extensions.logstats:Crawled 0 pages (at 0 pages/min), scraped 0 items (at 0 items/min)
INFO:scrapy.extensions.telnet:Telnet console listening on 127.0.0.1:6023
DEBUG:scrapy.downloadermiddlewares.cookies:Received cookies from: <200 http://www.ccgp-jilin.gov.cn/ext/search/keyPair.action>
Set-Cookie: JSESSIONID=96628AA454317EDA6B3BDC10E3003E2C; Path=/; Secure; HttpOnly

DEBUG:scrapy.core.engine:Crawled (200) <GET http://www.ccgp-jilin.gov.cn/ext/search/keyPair.action> (referer: None)
DEBUG:scrapy.downloadermiddlewares.cookies:Received cookies from: <200 http://www.ccgp-jilin.gov.cn/ext/search/morePolicyNews.action>
Set-Cookie: JSESSIONID=A2C6BBBE6F92D4C3664FA2F45926DD08; Path=/; Secure; HttpOnly

DEBUG:scrapy.core.engine:Crawled (200) <POST http://www.ccgp-jilin.gov.cn/ext/search/morePolicyNews.action> (referer: http://www.ccgp-jilin.gov.cn/ext/search/keyPair.action)
DEBUG:scrapy.downloadermiddlewares.cookies:Received cookies from: <200 http://www.ccgp-jilin.gov.cn/ext/search/morePolicyNews.action>
Set-Cookie: JSESSIONID=668A48C7A8CA7EC32280252D5BD6FCDF; Path=/; Secure; HttpOnly

DEBUG:scrapy.core.engine:Crawled (200) <POST http://www.ccgp-jilin.gov.cn/ext/search/morePolicyNews.action> (referer: http://www.ccgp-jilin.gov.cn/ext/search/keyPair.action)
DEBUG:scrapy.downloadermiddlewares.cookies:Received cookies from: <200 http://www.ccgp-jilin.gov.cn/ext/search/morePolicyNews.action>
Set-Cookie: JSESSIONID=18B90279E44D95728080D5A053B48469; Path=/; Secure; HttpOnly

DEBUG:scrapy.core.engine:Crawled (200) <POST http://www.ccgp-jilin.gov.cn/ext/search/morePolicyNews.action> (referer: http://www.ccgp-jilin.gov.cn/ext/search/keyPair.action)
DEBUG:scrapy.downloadermiddlewares.cookies:Received cookies from: <200 http://www.ccgp-jilin.gov.cn/ext/search/morePolicyNews.action>
Set-Cookie: JSESSIONID=03B020E16FBDE2559AD7BEF296EC8D69; Path=/; Secure; HttpOnly

DEBUG:scrapy.core.engine:Crawled (200) <POST http://www.ccgp-jilin.gov.cn/ext/search/morePolicyNews.action> (referer: http://www.ccgp-jilin.gov.cn/ext/search/keyPair.action)
DEBUG:scrapy.core.scraper:Scraped from <200 http://www.ccgp-jilin.gov.cn/ext/search/morePolicyNews.action>
{'city_name': '辽源市',
 'issue_time': '2022-04-28 00:00:00',
 'page_url': 'http://www.ccgp-jilin.gov.cn/ext/search/gotoHelpFrontList.action?articleId=255378',
 'province_name': '吉林省',
 'purchase_type': '成交公告',
 'site': 'www.ccgp-jilin.gov.cn',
 'subclass': '市县级采购公告',
 'title': '辽源市住房公积金管理中心关于商务（面包）车1件的竞价采购成交公告'}
INFO:scrapy.extensions.logstats:Crawled 5 pages (at 5 pages/min), scraped 1 items (at 1 items/min)
DEBUG:scrapy.downloadermiddlewares.cookies:Received cookies from: <200 http://www.ccgp-jilin.gov.cn/ext/search/morePolicyNews.action>
Set-Cookie: JSESSIONID=34407504BE0EFD51CF9F275B4859C78E; Path=/; Secure; HttpOnly

DEBUG:scrapy.core.engine:Crawled (200) <POST http://www.ccgp-jilin.gov.cn/ext/search/morePolicyNews.action> (referer: http://www.ccgp-jilin.gov.cn/ext/search/keyPair.action)
DEBUG:scrapy.downloadermiddlewares.cookies:Received cookies from: <200 http://www.ccgp-jilin.gov.cn/ext/search/morePolicyNews.action>
Set-Cookie: JSESSIONID=B9829EB13BAD31F1EF96D162DB1E17ED; Path=/; Secure; HttpOnly

DEBUG:scrapy.core.engine:Crawled (200) <POST http://www.ccgp-jilin.gov.cn/ext/search/morePolicyNews.action> (referer: http://www.ccgp-jilin.gov.cn/ext/search/keyPair.action)
DEBUG:scrapy.downloadermiddlewares.cookies:Received cookies from: <200 http://www.ccgp-jilin.gov.cn/ext/search/morePolicyNews.action>
Set-Cookie: JSESSIONID=A86FA0565FD3E4CFA652744EA7799A26; Path=/; Secure; HttpOnly

DEBUG:scrapy.core.engine:Crawled (200) <POST http://www.ccgp-jilin.gov.cn/ext/search/morePolicyNews.action> (referer: http://www.ccgp-jilin.gov.cn/ext/search/keyPair.action)
DEBUG:scrapy.downloadermiddlewares.cookies:Received cookies from: <200 http://www.ccgp-jilin.gov.cn/ext/search/morePolicyNews.action>
Set-Cookie: JSESSIONID=4243E780C4882C793AAAD25A5A4FBDDA; Path=/; Secure; HttpOnly

DEBUG:scrapy.core.engine:Crawled (200) <POST http://www.ccgp-jilin.gov.cn/ext/search/morePolicyNews.action> (referer: http://www.ccgp-jilin.gov.cn/ext/search/keyPair.action)
DEBUG:scrapy.downloadermiddlewares.cookies:Received cookies from: <200 http://www.ccgp-jilin.gov.cn/ext/search/morePolicyNews.action>
Set-Cookie: JSESSIONID=6B39463DEB2FB51EB303580F576E3A11; Path=/; Secure; HttpOnly

DEBUG:scrapy.core.engine:Crawled (200) <POST http://www.ccgp-jilin.gov.cn/ext/search/morePolicyNews.action> (referer: http://www.ccgp-jilin.gov.cn/ext/search/keyPair.action)
DEBUG:scrapy.downloadermiddlewares.cookies:Received cookies from: <200 http://www.ccgp-jilin.gov.cn/ext/search/morePolicyNews.action>
Set-Cookie: JSESSIONID=DB5A57D8250A3B0206ABB637E9678E70; Path=/; Secure; HttpOnly

DEBUG:scrapy.core.engine:Crawled (200) <POST http://www.ccgp-jilin.gov.cn/ext/search/morePolicyNews.action> (referer: http://www.ccgp-jilin.gov.cn/ext/search/keyPair.action)
DEBUG:scrapy.downloadermiddlewares.cookies:Received cookies from: <200 http://www.ccgp-jilin.gov.cn/ext/search/morePolicyNews.action>
Set-Cookie: JSESSIONID=84C59724F77CA336A1CBDDFC1E244C7A; Path=/; Secure; HttpOnly

DEBUG:scrapy.core.engine:Crawled (200) <POST http://www.ccgp-jilin.gov.cn/ext/search/morePolicyNews.action> (referer: http://www.ccgp-jilin.gov.cn/ext/search/keyPair.action)
ERROR:scrapy.core.scraper:Spider error processing <POST http://www.ccgp-jilin.gov.cn/ext/search/morePolicyNews.action> (referer: http://www.ccgp-jilin.gov.cn/ext/search/keyPair.action)
Traceback (most recent call last):
  File "c:\anaconda3\lib\site-packages\scrapy\utils\defer.py", line 120, in iter_errback
    yield next(it)
  File "c:\anaconda3\lib\site-packages\scrapy\utils\python.py", line 353, in __next__
    return next(self.data)
  File "c:\anaconda3\lib\site-packages\scrapy\utils\python.py", line 353, in __next__
    return next(self.data)
  File "c:\anaconda3\lib\site-packages\scrapy\core\spidermw.py", line 62, in _evaluate_iterable
    for r in iterable:
  File "c:\anaconda3\lib\site-packages\scrapy\spidermiddlewares\offsite.py", line 29, in process_spider_output
    for x in result:
  File "c:\anaconda3\lib\site-packages\scrapy\core\spidermw.py", line 62, in _evaluate_iterable
    for r in iterable:
  File "c:\anaconda3\lib\site-packages\scrapy\spidermiddlewares\referer.py", line 340, in <genexpr>
    return (_set_referer(r) for r in result or ())
  File "c:\anaconda3\lib\site-packages\scrapy\core\spidermw.py", line 62, in _evaluate_iterable
    for r in iterable:
  File "c:\anaconda3\lib\site-packages\scrapy\spidermiddlewares\urllength.py", line 37, in <genexpr>
    return (r for r in result or () if _filter(r))
  File "c:\anaconda3\lib\site-packages\scrapy\core\spidermw.py", line 62, in _evaluate_iterable
    for r in iterable:
  File "c:\anaconda3\lib\site-packages\scrapy\spidermiddlewares\depth.py", line 58, in <genexpr>
    return (r for r in result or () if _filter(r))
  File "c:\anaconda3\lib\site-packages\scrapy\core\spidermw.py", line 62, in _evaluate_iterable
    for r in iterable:
  File "D:\PythonCode\MyCrawlFrame\scrapyModel\shangQing\shangQing\spiders\jilin_ccgp.py", line 170, in parse_hub
    links = soup.find('div', id='list_right').find_all('li')
AttributeError: 'NoneType' object has no attribute 'find_all'
DEBUG:scrapy.downloadermiddlewares.cookies:Received cookies from: <200 http://www.ccgp-jilin.gov.cn/ext/search/morePolicyNews.action>
Set-Cookie: JSESSIONID=44D3BECD431265553E1238A7EB3AF7D1; Path=/; Secure; HttpOnly

DEBUG:scrapy.core.engine:Crawled (200) <POST http://www.ccgp-jilin.gov.cn/ext/search/morePolicyNews.action> (referer: http://www.ccgp-jilin.gov.cn/ext/search/keyPair.action)
ERROR:scrapy.core.scraper:Spider error processing <POST http://www.ccgp-jilin.gov.cn/ext/search/morePolicyNews.action> (referer: http://www.ccgp-jilin.gov.cn/ext/search/keyPair.action)
Traceback (most recent call last):
  File "c:\anaconda3\lib\site-packages\scrapy\utils\defer.py", line 120, in iter_errback
    yield next(it)
  File "c:\anaconda3\lib\site-packages\scrapy\utils\python.py", line 353, in __next__
    return next(self.data)
  File "c:\anaconda3\lib\site-packages\scrapy\utils\python.py", line 353, in __next__
    return next(self.data)
  File "c:\anaconda3\lib\site-packages\scrapy\core\spidermw.py", line 62, in _evaluate_iterable
    for r in iterable:
  File "c:\anaconda3\lib\site-packages\scrapy\spidermiddlewares\offsite.py", line 29, in process_spider_output
    for x in result:
  File "c:\anaconda3\lib\site-packages\scrapy\core\spidermw.py", line 62, in _evaluate_iterable
    for r in iterable:
  File "c:\anaconda3\lib\site-packages\scrapy\spidermiddlewares\referer.py", line 340, in <genexpr>
    return (_set_referer(r) for r in result or ())
  File "c:\anaconda3\lib\site-packages\scrapy\core\spidermw.py", line 62, in _evaluate_iterable
    for r in iterable:
  File "c:\anaconda3\lib\site-packages\scrapy\spidermiddlewares\urllength.py", line 37, in <genexpr>
    return (r for r in result or () if _filter(r))
  File "c:\anaconda3\lib\site-packages\scrapy\core\spidermw.py", line 62, in _evaluate_iterable
    for r in iterable:
  File "c:\anaconda3\lib\site-packages\scrapy\spidermiddlewares\depth.py", line 58, in <genexpr>
    return (r for r in result or () if _filter(r))
  File "c:\anaconda3\lib\site-packages\scrapy\core\spidermw.py", line 62, in _evaluate_iterable
    for r in iterable:
  File "D:\PythonCode\MyCrawlFrame\scrapyModel\shangQing\shangQing\spiders\jilin_ccgp.py", line 170, in parse_hub
    links = soup.find('div', id='list_right').find_all('li')
AttributeError: 'NoneType' object has no attribute 'find_all'
DEBUG:scrapy.downloadermiddlewares.cookies:Received cookies from: <200 http://www.ccgp-jilin.gov.cn/ext/search/morePolicyNews.action>
Set-Cookie: JSESSIONID=78A5E5B52C05F295FD8BD39017E84FB6; Path=/; Secure; HttpOnly

DEBUG:scrapy.core.engine:Crawled (200) <POST http://www.ccgp-jilin.gov.cn/ext/search/morePolicyNews.action> (referer: http://www.ccgp-jilin.gov.cn/ext/search/keyPair.action)
ERROR:scrapy.core.scraper:Spider error processing <POST http://www.ccgp-jilin.gov.cn/ext/search/morePolicyNews.action> (referer: http://www.ccgp-jilin.gov.cn/ext/search/keyPair.action)
Traceback (most recent call last):
  File "c:\anaconda3\lib\site-packages\scrapy\utils\defer.py", line 120, in iter_errback
    yield next(it)
  File "c:\anaconda3\lib\site-packages\scrapy\utils\python.py", line 353, in __next__
    return next(self.data)
  File "c:\anaconda3\lib\site-packages\scrapy\utils\python.py", line 353, in __next__
    return next(self.data)
  File "c:\anaconda3\lib\site-packages\scrapy\core\spidermw.py", line 62, in _evaluate_iterable
    for r in iterable:
  File "c:\anaconda3\lib\site-packages\scrapy\spidermiddlewares\offsite.py", line 29, in process_spider_output
    for x in result:
  File "c:\anaconda3\lib\site-packages\scrapy\core\spidermw.py", line 62, in _evaluate_iterable
    for r in iterable:
  File "c:\anaconda3\lib\site-packages\scrapy\spidermiddlewares\referer.py", line 340, in <genexpr>
    return (_set_referer(r) for r in result or ())
  File "c:\anaconda3\lib\site-packages\scrapy\core\spidermw.py", line 62, in _evaluate_iterable
    for r in iterable:
  File "c:\anaconda3\lib\site-packages\scrapy\spidermiddlewares\urllength.py", line 37, in <genexpr>
    return (r for r in result or () if _filter(r))
  File "c:\anaconda3\lib\site-packages\scrapy\core\spidermw.py", line 62, in _evaluate_iterable
    for r in iterable:
  File "c:\anaconda3\lib\site-packages\scrapy\spidermiddlewares\depth.py", line 58, in <genexpr>
    return (r for r in result or () if _filter(r))
  File "c:\anaconda3\lib\site-packages\scrapy\core\spidermw.py", line 62, in _evaluate_iterable
    for r in iterable:
  File "D:\PythonCode\MyCrawlFrame\scrapyModel\shangQing\shangQing\spiders\jilin_ccgp.py", line 170, in parse_hub
    links = soup.find('div', id='list_right').find_all('li')
AttributeError: 'NoneType' object has no attribute 'find_all'
DEBUG:scrapy.downloadermiddlewares.cookies:Received cookies from: <200 http://www.ccgp-jilin.gov.cn/ext/search/morePolicyNews.action>
Set-Cookie: JSESSIONID=77619C89A8FD5AAE42FE97B63E44C5B3; Path=/; Secure; HttpOnly

DEBUG:scrapy.core.engine:Crawled (200) <POST http://www.ccgp-jilin.gov.cn/ext/search/morePolicyNews.action> (referer: http://www.ccgp-jilin.gov.cn/ext/search/keyPair.action)
ERROR:scrapy.core.scraper:Spider error processing <POST http://www.ccgp-jilin.gov.cn/ext/search/morePolicyNews.action> (referer: http://www.ccgp-jilin.gov.cn/ext/search/keyPair.action)
Traceback (most recent call last):
  File "c:\anaconda3\lib\site-packages\scrapy\utils\defer.py", line 120, in iter_errback
    yield next(it)
  File "c:\anaconda3\lib\site-packages\scrapy\utils\python.py", line 353, in __next__
    return next(self.data)
  File "c:\anaconda3\lib\site-packages\scrapy\utils\python.py", line 353, in __next__
    return next(self.data)
  File "c:\anaconda3\lib\site-packages\scrapy\core\spidermw.py", line 62, in _evaluate_iterable
    for r in iterable:
  File "c:\anaconda3\lib\site-packages\scrapy\spidermiddlewares\offsite.py", line 29, in process_spider_output
    for x in result:
  File "c:\anaconda3\lib\site-packages\scrapy\core\spidermw.py", line 62, in _evaluate_iterable
    for r in iterable:
  File "c:\anaconda3\lib\site-packages\scrapy\spidermiddlewares\referer.py", line 340, in <genexpr>
    return (_set_referer(r) for r in result or ())
  File "c:\anaconda3\lib\site-packages\scrapy\core\spidermw.py", line 62, in _evaluate_iterable
    for r in iterable:
  File "c:\anaconda3\lib\site-packages\scrapy\spidermiddlewares\urllength.py", line 37, in <genexpr>
    return (r for r in result or () if _filter(r))
  File "c:\anaconda3\lib\site-packages\scrapy\core\spidermw.py", line 62, in _evaluate_iterable
    for r in iterable:
  File "c:\anaconda3\lib\site-packages\scrapy\spidermiddlewares\depth.py", line 58, in <genexpr>
    return (r for r in result or () if _filter(r))
  File "c:\anaconda3\lib\site-packages\scrapy\core\spidermw.py", line 62, in _evaluate_iterable
    for r in iterable:
  File "D:\PythonCode\MyCrawlFrame\scrapyModel\shangQing\shangQing\spiders\jilin_ccgp.py", line 170, in parse_hub
    links = soup.find('div', id='list_right').find_all('li')
AttributeError: 'NoneType' object has no attribute 'find_all'
INFO:scrapy.extensions.logstats:Crawled 15 pages (at 10 pages/min), scraped 1 items (at 0 items/min)
DEBUG:scrapy.downloadermiddlewares.cookies:Received cookies from: <200 http://www.ccgp-jilin.gov.cn/ext/search/morePolicyNews.action>
Set-Cookie: JSESSIONID=70887BC92EC9368AB2E2B86F5A70FC8D; Path=/; Secure; HttpOnly

DEBUG:scrapy.core.engine:Crawled (200) <POST http://www.ccgp-jilin.gov.cn/ext/search/morePolicyNews.action> (referer: http://www.ccgp-jilin.gov.cn/ext/search/keyPair.action)
ERROR:scrapy.core.scraper:Spider error processing <POST http://www.ccgp-jilin.gov.cn/ext/search/morePolicyNews.action> (referer: http://www.ccgp-jilin.gov.cn/ext/search/keyPair.action)
Traceback (most recent call last):
  File "c:\anaconda3\lib\site-packages\scrapy\utils\defer.py", line 120, in iter_errback
    yield next(it)
  File "c:\anaconda3\lib\site-packages\scrapy\utils\python.py", line 353, in __next__
    return next(self.data)
  File "c:\anaconda3\lib\site-packages\scrapy\utils\python.py", line 353, in __next__
    return next(self.data)
  File "c:\anaconda3\lib\site-packages\scrapy\core\spidermw.py", line 62, in _evaluate_iterable
    for r in iterable:
  File "c:\anaconda3\lib\site-packages\scrapy\spidermiddlewares\offsite.py", line 29, in process_spider_output
    for x in result:
  File "c:\anaconda3\lib\site-packages\scrapy\core\spidermw.py", line 62, in _evaluate_iterable
    for r in iterable:
  File "c:\anaconda3\lib\site-packages\scrapy\spidermiddlewares\referer.py", line 340, in <genexpr>
    return (_set_referer(r) for r in result or ())
  File "c:\anaconda3\lib\site-packages\scrapy\core\spidermw.py", line 62, in _evaluate_iterable
    for r in iterable:
  File "c:\anaconda3\lib\site-packages\scrapy\spidermiddlewares\urllength.py", line 37, in <genexpr>
    return (r for r in result or () if _filter(r))
  File "c:\anaconda3\lib\site-packages\scrapy\core\spidermw.py", line 62, in _evaluate_iterable
    for r in iterable:
  File "c:\anaconda3\lib\site-packages\scrapy\spidermiddlewares\depth.py", line 58, in <genexpr>
    return (r for r in result or () if _filter(r))
  File "c:\anaconda3\lib\site-packages\scrapy\core\spidermw.py", line 62, in _evaluate_iterable
    for r in iterable:
  File "D:\PythonCode\MyCrawlFrame\scrapyModel\shangQing\shangQing\spiders\jilin_ccgp.py", line 170, in parse_hub
    links = soup.find('div', id='list_right').find_all('li')
AttributeError: 'NoneType' object has no attribute 'find_all'
DEBUG:scrapy.downloadermiddlewares.cookies:Received cookies from: <200 http://www.ccgp-jilin.gov.cn/ext/search/morePolicyNews.action>
Set-Cookie: JSESSIONID=13910DFB6CC508D834399A0DF67CAE7E; Path=/; Secure; HttpOnly

DEBUG:scrapy.core.engine:Crawled (200) <POST http://www.ccgp-jilin.gov.cn/ext/search/morePolicyNews.action> (referer: http://www.ccgp-jilin.gov.cn/ext/search/keyPair.action)
ERROR:scrapy.core.scraper:Spider error processing <POST http://www.ccgp-jilin.gov.cn/ext/search/morePolicyNews.action> (referer: http://www.ccgp-jilin.gov.cn/ext/search/keyPair.action)
Traceback (most recent call last):
  File "c:\anaconda3\lib\site-packages\scrapy\utils\defer.py", line 120, in iter_errback
    yield next(it)
  File "c:\anaconda3\lib\site-packages\scrapy\utils\python.py", line 353, in __next__
    return next(self.data)
  File "c:\anaconda3\lib\site-packages\scrapy\utils\python.py", line 353, in __next__
    return next(self.data)
  File "c:\anaconda3\lib\site-packages\scrapy\core\spidermw.py", line 62, in _evaluate_iterable
    for r in iterable:
  File "c:\anaconda3\lib\site-packages\scrapy\spidermiddlewares\offsite.py", line 29, in process_spider_output
    for x in result:
  File "c:\anaconda3\lib\site-packages\scrapy\core\spidermw.py", line 62, in _evaluate_iterable
    for r in iterable:
  File "c:\anaconda3\lib\site-packages\scrapy\spidermiddlewares\referer.py", line 340, in <genexpr>
    return (_set_referer(r) for r in result or ())
  File "c:\anaconda3\lib\site-packages\scrapy\core\spidermw.py", line 62, in _evaluate_iterable
    for r in iterable:
  File "c:\anaconda3\lib\site-packages\scrapy\spidermiddlewares\urllength.py", line 37, in <genexpr>
    return (r for r in result or () if _filter(r))
  File "c:\anaconda3\lib\site-packages\scrapy\core\spidermw.py", line 62, in _evaluate_iterable
    for r in iterable:
  File "c:\anaconda3\lib\site-packages\scrapy\spidermiddlewares\depth.py", line 58, in <genexpr>
    return (r for r in result or () if _filter(r))
  File "c:\anaconda3\lib\site-packages\scrapy\core\spidermw.py", line 62, in _evaluate_iterable
    for r in iterable:
  File "D:\PythonCode\MyCrawlFrame\scrapyModel\shangQing\shangQing\spiders\jilin_ccgp.py", line 170, in parse_hub
    links = soup.find('div', id='list_right').find_all('li')
AttributeError: 'NoneType' object has no attribute 'find_all'
DEBUG:scrapy.downloadermiddlewares.cookies:Received cookies from: <200 http://www.ccgp-jilin.gov.cn/ext/search/morePolicyNews.action>
Set-Cookie: JSESSIONID=44683BE6074FA634AA44EA4AFEFEE325; Path=/; Secure; HttpOnly

DEBUG:scrapy.core.engine:Crawled (200) <POST http://www.ccgp-jilin.gov.cn/ext/search/morePolicyNews.action> (referer: http://www.ccgp-jilin.gov.cn/ext/search/keyPair.action)
ERROR:scrapy.core.scraper:Spider error processing <POST http://www.ccgp-jilin.gov.cn/ext/search/morePolicyNews.action> (referer: http://www.ccgp-jilin.gov.cn/ext/search/keyPair.action)
Traceback (most recent call last):
  File "c:\anaconda3\lib\site-packages\scrapy\utils\defer.py", line 120, in iter_errback
    yield next(it)
  File "c:\anaconda3\lib\site-packages\scrapy\utils\python.py", line 353, in __next__
    return next(self.data)
  File "c:\anaconda3\lib\site-packages\scrapy\utils\python.py", line 353, in __next__
    return next(self.data)
  File "c:\anaconda3\lib\site-packages\scrapy\core\spidermw.py", line 62, in _evaluate_iterable
    for r in iterable:
  File "c:\anaconda3\lib\site-packages\scrapy\spidermiddlewares\offsite.py", line 29, in process_spider_output
    for x in result:
  File "c:\anaconda3\lib\site-packages\scrapy\core\spidermw.py", line 62, in _evaluate_iterable
    for r in iterable:
  File "c:\anaconda3\lib\site-packages\scrapy\spidermiddlewares\referer.py", line 340, in <genexpr>
    return (_set_referer(r) for r in result or ())
  File "c:\anaconda3\lib\site-packages\scrapy\core\spidermw.py", line 62, in _evaluate_iterable
    for r in iterable:
  File "c:\anaconda3\lib\site-packages\scrapy\spidermiddlewares\urllength.py", line 37, in <genexpr>
    return (r for r in result or () if _filter(r))
  File "c:\anaconda3\lib\site-packages\scrapy\core\spidermw.py", line 62, in _evaluate_iterable
    for r in iterable:
  File "c:\anaconda3\lib\site-packages\scrapy\spidermiddlewares\depth.py", line 58, in <genexpr>
    return (r for r in result or () if _filter(r))
  File "c:\anaconda3\lib\site-packages\scrapy\core\spidermw.py", line 62, in _evaluate_iterable
    for r in iterable:
  File "D:\PythonCode\MyCrawlFrame\scrapyModel\shangQing\shangQing\spiders\jilin_ccgp.py", line 170, in parse_hub
    links = soup.find('div', id='list_right').find_all('li')
AttributeError: 'NoneType' object has no attribute 'find_all'
DEBUG:scrapy.downloadermiddlewares.cookies:Received cookies from: <200 http://www.ccgp-jilin.gov.cn/ext/search/morePolicyNews.action>
Set-Cookie: JSESSIONID=70F28DFA5EAF23BEDF71F3F1FC3A88D5; Path=/; Secure; HttpOnly

DEBUG:scrapy.core.engine:Crawled (200) <POST http://www.ccgp-jilin.gov.cn/ext/search/morePolicyNews.action> (referer: http://www.ccgp-jilin.gov.cn/ext/search/keyPair.action)
ERROR:scrapy.core.scraper:Spider error processing <POST http://www.ccgp-jilin.gov.cn/ext/search/morePolicyNews.action> (referer: http://www.ccgp-jilin.gov.cn/ext/search/keyPair.action)
Traceback (most recent call last):
  File "c:\anaconda3\lib\site-packages\scrapy\utils\defer.py", line 120, in iter_errback
    yield next(it)
  File "c:\anaconda3\lib\site-packages\scrapy\utils\python.py", line 353, in __next__
    return next(self.data)
  File "c:\anaconda3\lib\site-packages\scrapy\utils\python.py", line 353, in __next__
    return next(self.data)
  File "c:\anaconda3\lib\site-packages\scrapy\core\spidermw.py", line 62, in _evaluate_iterable
    for r in iterable:
  File "c:\anaconda3\lib\site-packages\scrapy\spidermiddlewares\offsite.py", line 29, in process_spider_output
    for x in result:
  File "c:\anaconda3\lib\site-packages\scrapy\core\spidermw.py", line 62, in _evaluate_iterable
    for r in iterable:
  File "c:\anaconda3\lib\site-packages\scrapy\spidermiddlewares\referer.py", line 340, in <genexpr>
    return (_set_referer(r) for r in result or ())
  File "c:\anaconda3\lib\site-packages\scrapy\core\spidermw.py", line 62, in _evaluate_iterable
    for r in iterable:
  File "c:\anaconda3\lib\site-packages\scrapy\spidermiddlewares\urllength.py", line 37, in <genexpr>
    return (r for r in result or () if _filter(r))
  File "c:\anaconda3\lib\site-packages\scrapy\core\spidermw.py", line 62, in _evaluate_iterable
    for r in iterable:
  File "c:\anaconda3\lib\site-packages\scrapy\spidermiddlewares\depth.py", line 58, in <genexpr>
    return (r for r in result or () if _filter(r))
  File "c:\anaconda3\lib\site-packages\scrapy\core\spidermw.py", line 62, in _evaluate_iterable
    for r in iterable:
  File "D:\PythonCode\MyCrawlFrame\scrapyModel\shangQing\shangQing\spiders\jilin_ccgp.py", line 170, in parse_hub
    links = soup.find('div', id='list_right').find_all('li')
AttributeError: 'NoneType' object has no attribute 'find_all'
DEBUG:scrapy.downloadermiddlewares.cookies:Received cookies from: <200 http://www.ccgp-jilin.gov.cn/ext/search/morePolicyNews.action>
Set-Cookie: JSESSIONID=B97F4F78C939E834F2EDD3A9D5B8C7A7; Path=/; Secure; HttpOnly

DEBUG:scrapy.core.engine:Crawled (200) <POST http://www.ccgp-jilin.gov.cn/ext/search/morePolicyNews.action> (referer: http://www.ccgp-jilin.gov.cn/ext/search/keyPair.action)
ERROR:scrapy.core.scraper:Spider error processing <POST http://www.ccgp-jilin.gov.cn/ext/search/morePolicyNews.action> (referer: http://www.ccgp-jilin.gov.cn/ext/search/keyPair.action)
Traceback (most recent call last):
  File "c:\anaconda3\lib\site-packages\scrapy\utils\defer.py", line 120, in iter_errback
    yield next(it)
  File "c:\anaconda3\lib\site-packages\scrapy\utils\python.py", line 353, in __next__
    return next(self.data)
  File "c:\anaconda3\lib\site-packages\scrapy\utils\python.py", line 353, in __next__
    return next(self.data)
  File "c:\anaconda3\lib\site-packages\scrapy\core\spidermw.py", line 62, in _evaluate_iterable
    for r in iterable:
  File "c:\anaconda3\lib\site-packages\scrapy\spidermiddlewares\offsite.py", line 29, in process_spider_output
    for x in result:
  File "c:\anaconda3\lib\site-packages\scrapy\core\spidermw.py", line 62, in _evaluate_iterable
    for r in iterable:
  File "c:\anaconda3\lib\site-packages\scrapy\spidermiddlewares\referer.py", line 340, in <genexpr>
    return (_set_referer(r) for r in result or ())
  File "c:\anaconda3\lib\site-packages\scrapy\core\spidermw.py", line 62, in _evaluate_iterable
    for r in iterable:
  File "c:\anaconda3\lib\site-packages\scrapy\spidermiddlewares\urllength.py", line 37, in <genexpr>
    return (r for r in result or () if _filter(r))
  File "c:\anaconda3\lib\site-packages\scrapy\core\spidermw.py", line 62, in _evaluate_iterable
    for r in iterable:
  File "c:\anaconda3\lib\site-packages\scrapy\spidermiddlewares\depth.py", line 58, in <genexpr>
    return (r for r in result or () if _filter(r))
  File "c:\anaconda3\lib\site-packages\scrapy\core\spidermw.py", line 62, in _evaluate_iterable
    for r in iterable:
  File "D:\PythonCode\MyCrawlFrame\scrapyModel\shangQing\shangQing\spiders\jilin_ccgp.py", line 170, in parse_hub
    links = soup.find('div', id='list_right').find_all('li')
AttributeError: 'NoneType' object has no attribute 'find_all'
INFO:scrapy.crawler:Received SIGINT, shutting down gracefully. Send again to force 
DEBUG:scrapy.downloadermiddlewares.cookies:Received cookies from: <200 http://www.ccgp-jilin.gov.cn/ext/search/morePolicyNews.action>
Set-Cookie: JSESSIONID=9056251267080C64CE1ACCF4223433D8; Path=/; Secure; HttpOnly

DEBUG:scrapy.core.engine:Crawled (200) <POST http://www.ccgp-jilin.gov.cn/ext/search/morePolicyNews.action> (referer: http://www.ccgp-jilin.gov.cn/ext/search/keyPair.action)
INFO:scrapy.core.engine:Closing spider (shutdown)
ERROR:scrapy.core.scraper:Spider error processing <POST http://www.ccgp-jilin.gov.cn/ext/search/morePolicyNews.action> (referer: http://www.ccgp-jilin.gov.cn/ext/search/keyPair.action)
Traceback (most recent call last):
  File "c:\anaconda3\lib\site-packages\scrapy\utils\defer.py", line 120, in iter_errback
    yield next(it)
  File "c:\anaconda3\lib\site-packages\scrapy\utils\python.py", line 353, in __next__
    return next(self.data)
  File "c:\anaconda3\lib\site-packages\scrapy\utils\python.py", line 353, in __next__
    return next(self.data)
  File "c:\anaconda3\lib\site-packages\scrapy\core\spidermw.py", line 62, in _evaluate_iterable
    for r in iterable:
  File "c:\anaconda3\lib\site-packages\scrapy\spidermiddlewares\offsite.py", line 29, in process_spider_output
    for x in result:
  File "c:\anaconda3\lib\site-packages\scrapy\core\spidermw.py", line 62, in _evaluate_iterable
    for r in iterable:
  File "c:\anaconda3\lib\site-packages\scrapy\spidermiddlewares\referer.py", line 340, in <genexpr>
    return (_set_referer(r) for r in result or ())
  File "c:\anaconda3\lib\site-packages\scrapy\core\spidermw.py", line 62, in _evaluate_iterable
    for r in iterable:
  File "c:\anaconda3\lib\site-packages\scrapy\spidermiddlewares\urllength.py", line 37, in <genexpr>
    return (r for r in result or () if _filter(r))
  File "c:\anaconda3\lib\site-packages\scrapy\core\spidermw.py", line 62, in _evaluate_iterable
    for r in iterable:
  File "c:\anaconda3\lib\site-packages\scrapy\spidermiddlewares\depth.py", line 58, in <genexpr>
    return (r for r in result or () if _filter(r))
  File "c:\anaconda3\lib\site-packages\scrapy\core\spidermw.py", line 62, in _evaluate_iterable
    for r in iterable:
  File "D:\PythonCode\MyCrawlFrame\scrapyModel\shangQing\shangQing\spiders\jilin_ccgp.py", line 170, in parse_hub
    links = soup.find('div', id='list_right').find_all('li')
AttributeError: 'NoneType' object has no attribute 'find_all'
INFO:scrapy.crawler:Received SIGINT twice, forcing unclean shutdown
