INFO:scrapy.utils.log:Scrapy 2.4.1 started (bot: shangQing)
INFO:scrapy.utils.log:Versions: lxml 4.6.4.0, libxml2 2.9.12, cssselect 1.1.0, parsel 1.6.0, w3lib 1.22.0, Twisted 20.3.0, Python 3.8.12 | packaged by conda-forge | (default, Oct 12 2021, 21:22:46) [MSC v.1916 64 bit (AMD64)], pyOpenSSL 21.0.0 (OpenSSL 1.1.1n  15 Mar 2022), cryptography 35.0.0, Platform Windows-10-10.0.19043-SP0
DEBUG:scrapy.utils.log:Using reactor: twisted.internet.selectreactor.SelectReactor
INFO:scrapy.crawler:Overridden settings:
{'BOT_NAME': 'shangQing',
 'CLOSESPIDER_ERRORCOUNT': 10,
 'CONCURRENT_REQUESTS': 32,
 'CONCURRENT_REQUESTS_PER_IP': 16,
 'COOKIES_DEBUG': True,
 'DOWNLOAD_DELAY': 3,
 'DOWNLOAD_TIMEOUT': 120,
 'NEWSPIDER_MODULE': 'shangQing.spiders',
 'SPIDER_MODULES': ['shangQing.spiders']}
INFO:scrapy.extensions.telnet:Telnet Password: 82bd3dc9da22352c
INFO:scrapy.middleware:Enabled extensions:
['scrapy.extensions.corestats.CoreStats',
 'scrapy.extensions.telnet.TelnetConsole',
 'scrapy.extensions.closespider.CloseSpider',
 'scrapy.extensions.logstats.LogStats']
INFO:scrapy.middleware:Enabled downloader middlewares:
['scrapy.downloadermiddlewares.httpauth.HttpAuthMiddleware',
 'scrapy.downloadermiddlewares.downloadtimeout.DownloadTimeoutMiddleware',
 'scrapy.downloadermiddlewares.defaultheaders.DefaultHeadersMiddleware',
 'scrapy.downloadermiddlewares.useragent.UserAgentMiddleware',
 'scrapy.downloadermiddlewares.retry.RetryMiddleware',
 'scrapy.downloadermiddlewares.redirect.MetaRefreshMiddleware',
 'scrapy.downloadermiddlewares.httpcompression.HttpCompressionMiddleware',
 'scrapy.downloadermiddlewares.redirect.RedirectMiddleware',
 'scrapy.downloadermiddlewares.cookies.CookiesMiddleware',
 'scrapy.downloadermiddlewares.httpproxy.HttpProxyMiddleware',
 'scrapy.downloadermiddlewares.stats.DownloaderStats']
INFO:scrapy.middleware:Enabled spider middlewares:
['scrapy.spidermiddlewares.httperror.HttpErrorMiddleware',
 'scrapy.spidermiddlewares.offsite.OffsiteMiddleware',
 'scrapy.spidermiddlewares.referer.RefererMiddleware',
 'scrapy.spidermiddlewares.urllength.UrlLengthMiddleware',
 'scrapy.spidermiddlewares.depth.DepthMiddleware']
INFO:scrapy.middleware:Enabled item pipelines:
['shangQing.pipelines.ShangqingPipeline']
INFO:scrapy.core.engine:Spider opened
INFO:scrapy.extensions.logstats:Crawled 0 pages (at 0 pages/min), scraped 0 items (at 0 items/min)
INFO:scrapy.extensions.telnet:Telnet console listening on 127.0.0.1:6023
DEBUG:scrapy.downloadermiddlewares.cookies:Received cookies from: <200 http://www.ccgp-jilin.gov.cn/ext/search/keyPair.action>
Set-Cookie: JSESSIONID=7C163F958F8600D2AEF8181933788116; Path=/; Secure; HttpOnly

DEBUG:scrapy.core.engine:Crawled (200) <GET http://www.ccgp-jilin.gov.cn/ext/search/keyPair.action> (referer: None)
DEBUG:scrapy.downloadermiddlewares.cookies:Received cookies from: <200 http://www.ccgp-jilin.gov.cn/ext/search/morePolicyNews.action>
Set-Cookie: JSESSIONID=63CE862F40BD2BE8189864B29095520C; Path=/; Secure; HttpOnly

DEBUG:scrapy.core.engine:Crawled (200) <POST http://www.ccgp-jilin.gov.cn/ext/search/morePolicyNews.action> (referer: http://www.ccgp-jilin.gov.cn/ext/search/keyPair.action)
DEBUG:scrapy.downloadermiddlewares.cookies:Received cookies from: <200 http://www.ccgp-jilin.gov.cn/ext/search/morePolicyNews.action>
Set-Cookie: JSESSIONID=A6DC90EE8FBC38F0AFABF2884FCB1916; Path=/; Secure; HttpOnly

DEBUG:scrapy.core.engine:Crawled (200) <POST http://www.ccgp-jilin.gov.cn/ext/search/morePolicyNews.action> (referer: http://www.ccgp-jilin.gov.cn/ext/search/keyPair.action)
DEBUG:scrapy.downloadermiddlewares.cookies:Received cookies from: <200 http://www.ccgp-jilin.gov.cn/ext/search/morePolicyNews.action>
Set-Cookie: JSESSIONID=784D8AEA66E9F62AAF62EEB939D9EB8B; Path=/; Secure; HttpOnly

DEBUG:scrapy.core.engine:Crawled (200) <POST http://www.ccgp-jilin.gov.cn/ext/search/morePolicyNews.action> (referer: http://www.ccgp-jilin.gov.cn/ext/search/keyPair.action)
DEBUG:scrapy.downloadermiddlewares.cookies:Received cookies from: <200 http://www.ccgp-jilin.gov.cn/ext/search/morePolicyNews.action>
Set-Cookie: JSESSIONID=6CB41BA52542903F3E546606A291CE50; Path=/; Secure; HttpOnly

DEBUG:scrapy.core.engine:Crawled (200) <POST http://www.ccgp-jilin.gov.cn/ext/search/morePolicyNews.action> (referer: http://www.ccgp-jilin.gov.cn/ext/search/keyPair.action)
DEBUG:scrapy.downloadermiddlewares.cookies:Received cookies from: <200 http://www.ccgp-jilin.gov.cn/ext/search/morePolicyNews.action>
Set-Cookie: JSESSIONID=A29AD48815C1162312B0E42BA5A3BE60; Path=/; Secure; HttpOnly

DEBUG:scrapy.core.engine:Crawled (200) <POST http://www.ccgp-jilin.gov.cn/ext/search/morePolicyNews.action> (referer: http://www.ccgp-jilin.gov.cn/ext/search/keyPair.action)
DEBUG:scrapy.downloadermiddlewares.cookies:Received cookies from: <200 http://www.ccgp-jilin.gov.cn/ext/search/morePolicyNews.action>
Set-Cookie: JSESSIONID=84DA6A00D6AF477B589AF8D63EB734FF; Path=/; Secure; HttpOnly

DEBUG:scrapy.core.engine:Crawled (200) <POST http://www.ccgp-jilin.gov.cn/ext/search/morePolicyNews.action> (referer: http://www.ccgp-jilin.gov.cn/ext/search/keyPair.action)
DEBUG:scrapy.downloadermiddlewares.cookies:Received cookies from: <200 http://www.ccgp-jilin.gov.cn/ext/search/morePolicyNews.action>
Set-Cookie: JSESSIONID=43782AFB1B26F8E8B966157267BBB92A; Path=/; Secure; HttpOnly

DEBUG:scrapy.core.engine:Crawled (200) <POST http://www.ccgp-jilin.gov.cn/ext/search/morePolicyNews.action> (referer: http://www.ccgp-jilin.gov.cn/ext/search/keyPair.action)
DEBUG:scrapy.downloadermiddlewares.cookies:Received cookies from: <200 http://www.ccgp-jilin.gov.cn/ext/search/morePolicyNews.action>
Set-Cookie: JSESSIONID=E4D77C870E3583973DB59F9A5C0CAF50; Path=/; Secure; HttpOnly

DEBUG:scrapy.core.engine:Crawled (200) <POST http://www.ccgp-jilin.gov.cn/ext/search/morePolicyNews.action> (referer: http://www.ccgp-jilin.gov.cn/ext/search/keyPair.action)
DEBUG:scrapy.downloadermiddlewares.cookies:Received cookies from: <200 http://www.ccgp-jilin.gov.cn/ext/search/morePolicyNews.action>
Set-Cookie: JSESSIONID=70EA6295C557F5EF47B9C04CDF42A772; Path=/; Secure; HttpOnly

DEBUG:scrapy.core.engine:Crawled (200) <POST http://www.ccgp-jilin.gov.cn/ext/search/morePolicyNews.action> (referer: http://www.ccgp-jilin.gov.cn/ext/search/keyPair.action)
DEBUG:scrapy.downloadermiddlewares.cookies:Received cookies from: <200 http://www.ccgp-jilin.gov.cn/ext/search/morePolicyNews.action>
Set-Cookie: JSESSIONID=9618404C4455D7BE0F490C720E37701A; Path=/; Secure; HttpOnly

DEBUG:scrapy.core.engine:Crawled (200) <POST http://www.ccgp-jilin.gov.cn/ext/search/morePolicyNews.action> (referer: http://www.ccgp-jilin.gov.cn/ext/search/keyPair.action)
DEBUG:scrapy.downloadermiddlewares.cookies:Received cookies from: <200 http://www.ccgp-jilin.gov.cn/ext/search/morePolicyNews.action>
Set-Cookie: JSESSIONID=BB68409CD51C5394BD521C8FF0822459; Path=/; Secure; HttpOnly

DEBUG:scrapy.core.engine:Crawled (200) <POST http://www.ccgp-jilin.gov.cn/ext/search/morePolicyNews.action> (referer: http://www.ccgp-jilin.gov.cn/ext/search/keyPair.action)
DEBUG:scrapy.downloadermiddlewares.cookies:Received cookies from: <200 http://www.ccgp-jilin.gov.cn/ext/search/morePolicyNews.action>
Set-Cookie: JSESSIONID=1B75F2EEDF379D40B18015111F19E692; Path=/; Secure; HttpOnly

DEBUG:scrapy.core.engine:Crawled (200) <POST http://www.ccgp-jilin.gov.cn/ext/search/morePolicyNews.action> (referer: http://www.ccgp-jilin.gov.cn/ext/search/keyPair.action)
DEBUG:scrapy.downloadermiddlewares.cookies:Received cookies from: <200 http://www.ccgp-jilin.gov.cn/ext/search/morePolicyNews.action>
Set-Cookie: JSESSIONID=72A8635B028DB1883C602AFC6F368E3B; Path=/; Secure; HttpOnly

DEBUG:scrapy.core.engine:Crawled (200) <POST http://www.ccgp-jilin.gov.cn/ext/search/morePolicyNews.action> (referer: http://www.ccgp-jilin.gov.cn/ext/search/keyPair.action)
DEBUG:scrapy.downloadermiddlewares.cookies:Received cookies from: <200 http://www.ccgp-jilin.gov.cn/ext/search/morePolicyNews.action>
Set-Cookie: JSESSIONID=756171EDCC24ECACD6A53852A0261C78; Path=/; Secure; HttpOnly

DEBUG:scrapy.core.engine:Crawled (200) <POST http://www.ccgp-jilin.gov.cn/ext/search/morePolicyNews.action> (referer: http://www.ccgp-jilin.gov.cn/ext/search/keyPair.action)
DEBUG:scrapy.downloadermiddlewares.cookies:Received cookies from: <200 http://www.ccgp-jilin.gov.cn/ext/search/morePolicyNews.action>
Set-Cookie: JSESSIONID=4122F26828E0F1C52E57283FE8DC393C; Path=/; Secure; HttpOnly

DEBUG:scrapy.core.engine:Crawled (200) <POST http://www.ccgp-jilin.gov.cn/ext/search/morePolicyNews.action> (referer: http://www.ccgp-jilin.gov.cn/ext/search/keyPair.action)
DEBUG:scrapy.downloadermiddlewares.cookies:Received cookies from: <200 http://www.ccgp-jilin.gov.cn/ext/search/morePolicyNews.action>
Set-Cookie: JSESSIONID=99D2AED069337BD5DC85FC21C3031304; Path=/; Secure; HttpOnly

DEBUG:scrapy.core.engine:Crawled (200) <POST http://www.ccgp-jilin.gov.cn/ext/search/morePolicyNews.action> (referer: http://www.ccgp-jilin.gov.cn/ext/search/keyPair.action)
INFO:scrapy.extensions.logstats:Crawled 17 pages (at 17 pages/min), scraped 0 items (at 0 items/min)
DEBUG:scrapy.downloadermiddlewares.cookies:Received cookies from: <200 http://www.ccgp-jilin.gov.cn/ext/search/morePolicyNews.action>
Set-Cookie: JSESSIONID=3ADD066BDCB64DCD55BD6A1527F1A0FD; Path=/; Secure; HttpOnly

DEBUG:scrapy.core.engine:Crawled (200) <POST http://www.ccgp-jilin.gov.cn/ext/search/morePolicyNews.action> (referer: http://www.ccgp-jilin.gov.cn/ext/search/keyPair.action)
DEBUG:scrapy.downloadermiddlewares.cookies:Received cookies from: <200 http://www.ccgp-jilin.gov.cn/ext/search/morePolicyNews.action>
Set-Cookie: JSESSIONID=2A19192BACCA18CA80E2318F0E27AF87; Path=/; Secure; HttpOnly

DEBUG:scrapy.core.engine:Crawled (200) <POST http://www.ccgp-jilin.gov.cn/ext/search/morePolicyNews.action> (referer: http://www.ccgp-jilin.gov.cn/ext/search/keyPair.action)
DEBUG:scrapy.downloadermiddlewares.cookies:Received cookies from: <200 http://www.ccgp-jilin.gov.cn/ext/search/morePolicyNews.action>
Set-Cookie: JSESSIONID=DB68C77CA794F4859CFBF8176A684DD2; Path=/; Secure; HttpOnly

DEBUG:scrapy.core.engine:Crawled (200) <POST http://www.ccgp-jilin.gov.cn/ext/search/morePolicyNews.action> (referer: http://www.ccgp-jilin.gov.cn/ext/search/keyPair.action)
DEBUG:scrapy.downloadermiddlewares.cookies:Received cookies from: <200 http://www.ccgp-jilin.gov.cn/ext/search/morePolicyNews.action>
Set-Cookie: JSESSIONID=3E793FBFCC7374F4D7EF5847EB0C3988; Path=/; Secure; HttpOnly

DEBUG:scrapy.core.engine:Crawled (200) <POST http://www.ccgp-jilin.gov.cn/ext/search/morePolicyNews.action> (referer: http://www.ccgp-jilin.gov.cn/ext/search/keyPair.action)
DEBUG:scrapy.downloadermiddlewares.cookies:Received cookies from: <200 http://www.ccgp-jilin.gov.cn/ext/search/morePolicyNews.action>
Set-Cookie: JSESSIONID=5D34AE182A036168EC120BFE9CC5240B; Path=/; Secure; HttpOnly

DEBUG:scrapy.core.engine:Crawled (200) <POST http://www.ccgp-jilin.gov.cn/ext/search/morePolicyNews.action> (referer: http://www.ccgp-jilin.gov.cn/ext/search/keyPair.action)
DEBUG:scrapy.downloadermiddlewares.cookies:Received cookies from: <200 http://www.ccgp-jilin.gov.cn/ext/search/morePolicyNews.action>
Set-Cookie: JSESSIONID=C8C4B8E8524F290268D47A0E81BA185C; Path=/; Secure; HttpOnly

DEBUG:scrapy.core.engine:Crawled (200) <POST http://www.ccgp-jilin.gov.cn/ext/search/morePolicyNews.action> (referer: http://www.ccgp-jilin.gov.cn/ext/search/keyPair.action)
DEBUG:scrapy.downloadermiddlewares.cookies:Received cookies from: <200 http://www.ccgp-jilin.gov.cn/ext/search/morePolicyNews.action>
Set-Cookie: JSESSIONID=8A9DC127B1862E04FA462FA23934A99D; Path=/; Secure; HttpOnly

DEBUG:scrapy.core.engine:Crawled (200) <POST http://www.ccgp-jilin.gov.cn/ext/search/morePolicyNews.action> (referer: http://www.ccgp-jilin.gov.cn/ext/search/morePolicyNews.action)
DEBUG:scrapy.downloadermiddlewares.cookies:Received cookies from: <200 http://www.ccgp-jilin.gov.cn/ext/search/morePolicyNews.action>
Set-Cookie: JSESSIONID=950EAB3ADC65EB95FDD059865AACE1D1; Path=/; Secure; HttpOnly

DEBUG:scrapy.core.engine:Crawled (200) <POST http://www.ccgp-jilin.gov.cn/ext/search/morePolicyNews.action> (referer: http://www.ccgp-jilin.gov.cn/ext/search/morePolicyNews.action)
DEBUG:scrapy.downloadermiddlewares.cookies:Received cookies from: <200 http://www.ccgp-jilin.gov.cn/ext/search/morePolicyNews.action>
Set-Cookie: JSESSIONID=35AEAE04C8909EE5D0218395FC0AD013; Path=/; Secure; HttpOnly

DEBUG:scrapy.core.engine:Crawled (200) <POST http://www.ccgp-jilin.gov.cn/ext/search/morePolicyNews.action> (referer: http://www.ccgp-jilin.gov.cn/ext/search/morePolicyNews.action)
DEBUG:scrapy.downloadermiddlewares.cookies:Received cookies from: <200 http://www.ccgp-jilin.gov.cn/ext/search/morePolicyNews.action>
Set-Cookie: JSESSIONID=772248C5C81DC3FE9A6230C5FE0E5BBA; Path=/; Secure; HttpOnly

DEBUG:scrapy.core.engine:Crawled (200) <POST http://www.ccgp-jilin.gov.cn/ext/search/morePolicyNews.action> (referer: http://www.ccgp-jilin.gov.cn/ext/search/morePolicyNews.action)
DEBUG:scrapy.downloadermiddlewares.cookies:Received cookies from: <200 http://www.ccgp-jilin.gov.cn/ext/search/morePolicyNews.action>
Set-Cookie: JSESSIONID=1472AD4A76FFBD3449AE97E92E4A534F; Path=/; Secure; HttpOnly

DEBUG:scrapy.core.engine:Crawled (200) <POST http://www.ccgp-jilin.gov.cn/ext/search/morePolicyNews.action> (referer: http://www.ccgp-jilin.gov.cn/ext/search/morePolicyNews.action)
DEBUG:scrapy.downloadermiddlewares.cookies:Received cookies from: <200 http://www.ccgp-jilin.gov.cn/ext/search/morePolicyNews.action>
Set-Cookie: JSESSIONID=6F65E8B1139DC3DCDB34CC4797BDC186; Path=/; Secure; HttpOnly

DEBUG:scrapy.core.engine:Crawled (200) <POST http://www.ccgp-jilin.gov.cn/ext/search/morePolicyNews.action> (referer: http://www.ccgp-jilin.gov.cn/ext/search/morePolicyNews.action)
DEBUG:scrapy.downloadermiddlewares.cookies:Received cookies from: <200 http://www.ccgp-jilin.gov.cn/ext/search/morePolicyNews.action>
Set-Cookie: JSESSIONID=B111F945D178406C67625445EF9212BA; Path=/; Secure; HttpOnly

DEBUG:scrapy.core.engine:Crawled (200) <POST http://www.ccgp-jilin.gov.cn/ext/search/morePolicyNews.action> (referer: http://www.ccgp-jilin.gov.cn/ext/search/morePolicyNews.action)
DEBUG:scrapy.downloadermiddlewares.cookies:Received cookies from: <200 http://www.ccgp-jilin.gov.cn/ext/search/morePolicyNews.action>
Set-Cookie: JSESSIONID=907AFB38EF8E04E1690F71171BE4E706; Path=/; Secure; HttpOnly

DEBUG:scrapy.core.engine:Crawled (200) <POST http://www.ccgp-jilin.gov.cn/ext/search/morePolicyNews.action> (referer: http://www.ccgp-jilin.gov.cn/ext/search/morePolicyNews.action)
DEBUG:scrapy.downloadermiddlewares.cookies:Received cookies from: <200 http://www.ccgp-jilin.gov.cn/ext/search/morePolicyNews.action>
Set-Cookie: JSESSIONID=D6F60C6C598AAAD27B94B189AF290F4E; Path=/; Secure; HttpOnly

DEBUG:scrapy.core.engine:Crawled (200) <POST http://www.ccgp-jilin.gov.cn/ext/search/morePolicyNews.action> (referer: http://www.ccgp-jilin.gov.cn/ext/search/morePolicyNews.action)
DEBUG:scrapy.downloadermiddlewares.cookies:Received cookies from: <200 http://www.ccgp-jilin.gov.cn/ext/search/morePolicyNews.action>
Set-Cookie: JSESSIONID=09246BAF8B731E3A18902F319B9CD1F3; Path=/; Secure; HttpOnly

DEBUG:scrapy.core.engine:Crawled (200) <POST http://www.ccgp-jilin.gov.cn/ext/search/morePolicyNews.action> (referer: http://www.ccgp-jilin.gov.cn/ext/search/morePolicyNews.action)
INFO:scrapy.extensions.logstats:Crawled 33 pages (at 16 pages/min), scraped 0 items (at 0 items/min)
DEBUG:scrapy.downloadermiddlewares.cookies:Received cookies from: <200 http://www.ccgp-jilin.gov.cn/ext/search/morePolicyNews.action>
Set-Cookie: JSESSIONID=416B41BE9026037214F72D3647CDF4A8; Path=/; Secure; HttpOnly

DEBUG:scrapy.core.engine:Crawled (200) <POST http://www.ccgp-jilin.gov.cn/ext/search/morePolicyNews.action> (referer: http://www.ccgp-jilin.gov.cn/ext/search/morePolicyNews.action)
DEBUG:scrapy.downloadermiddlewares.cookies:Received cookies from: <200 http://www.ccgp-jilin.gov.cn/ext/search/morePolicyNews.action>
Set-Cookie: JSESSIONID=BAF7D7E27C1D86CB5E5185194966C329; Path=/; Secure; HttpOnly

DEBUG:scrapy.core.engine:Crawled (200) <POST http://www.ccgp-jilin.gov.cn/ext/search/morePolicyNews.action> (referer: http://www.ccgp-jilin.gov.cn/ext/search/morePolicyNews.action)
DEBUG:scrapy.downloadermiddlewares.cookies:Received cookies from: <200 http://www.ccgp-jilin.gov.cn/ext/search/morePolicyNews.action>
Set-Cookie: JSESSIONID=7B93C78ADB6DC5E5093967DACBACF771; Path=/; Secure; HttpOnly

DEBUG:scrapy.core.engine:Crawled (200) <POST http://www.ccgp-jilin.gov.cn/ext/search/morePolicyNews.action> (referer: http://www.ccgp-jilin.gov.cn/ext/search/morePolicyNews.action)
DEBUG:scrapy.downloadermiddlewares.cookies:Received cookies from: <200 http://www.ccgp-jilin.gov.cn/ext/search/morePolicyNews.action>
Set-Cookie: JSESSIONID=E3FC2FFBE5823839268500F03C931247; Path=/; Secure; HttpOnly

DEBUG:scrapy.core.engine:Crawled (200) <POST http://www.ccgp-jilin.gov.cn/ext/search/morePolicyNews.action> (referer: http://www.ccgp-jilin.gov.cn/ext/search/morePolicyNews.action)
DEBUG:scrapy.downloadermiddlewares.cookies:Received cookies from: <200 http://www.ccgp-jilin.gov.cn/ext/search/morePolicyNews.action>
Set-Cookie: JSESSIONID=F769193C27625D131177B3DD523BEF26; Path=/; Secure; HttpOnly

DEBUG:scrapy.core.engine:Crawled (200) <POST http://www.ccgp-jilin.gov.cn/ext/search/morePolicyNews.action> (referer: http://www.ccgp-jilin.gov.cn/ext/search/morePolicyNews.action)
DEBUG:scrapy.downloadermiddlewares.cookies:Received cookies from: <200 http://www.ccgp-jilin.gov.cn/ext/search/morePolicyNews.action>
Set-Cookie: JSESSIONID=9E02D6C422C80FBB47870E8A700BE1F5; Path=/; Secure; HttpOnly

DEBUG:scrapy.core.engine:Crawled (200) <POST http://www.ccgp-jilin.gov.cn/ext/search/morePolicyNews.action> (referer: http://www.ccgp-jilin.gov.cn/ext/search/morePolicyNews.action)
DEBUG:scrapy.downloadermiddlewares.cookies:Received cookies from: <200 http://www.ccgp-jilin.gov.cn/ext/search/morePolicyNews.action>
Set-Cookie: JSESSIONID=668104BA8A73DFADBC1C83A0F9F24458; Path=/; Secure; HttpOnly

DEBUG:scrapy.core.engine:Crawled (200) <POST http://www.ccgp-jilin.gov.cn/ext/search/morePolicyNews.action> (referer: http://www.ccgp-jilin.gov.cn/ext/search/morePolicyNews.action)
DEBUG:scrapy.downloadermiddlewares.cookies:Received cookies from: <200 http://www.ccgp-jilin.gov.cn/ext/search/morePolicyNews.action>
Set-Cookie: JSESSIONID=58F08F60F5F90435E8528197692B64CD; Path=/; Secure; HttpOnly

DEBUG:scrapy.core.engine:Crawled (200) <POST http://www.ccgp-jilin.gov.cn/ext/search/morePolicyNews.action> (referer: http://www.ccgp-jilin.gov.cn/ext/search/morePolicyNews.action)
DEBUG:scrapy.downloadermiddlewares.cookies:Received cookies from: <200 http://www.ccgp-jilin.gov.cn/ext/search/morePolicyNews.action>
Set-Cookie: JSESSIONID=F3620D16E5C43F6AFC768966C3E62C91; Path=/; Secure; HttpOnly

DEBUG:scrapy.core.engine:Crawled (200) <POST http://www.ccgp-jilin.gov.cn/ext/search/morePolicyNews.action> (referer: http://www.ccgp-jilin.gov.cn/ext/search/morePolicyNews.action)
DEBUG:scrapy.downloadermiddlewares.cookies:Received cookies from: <200 http://www.ccgp-jilin.gov.cn/ext/search/morePolicyNews.action>
Set-Cookie: JSESSIONID=713C2FB316CB828674DCEA2F6B6E5235; Path=/; Secure; HttpOnly

DEBUG:scrapy.core.engine:Crawled (200) <POST http://www.ccgp-jilin.gov.cn/ext/search/morePolicyNews.action> (referer: http://www.ccgp-jilin.gov.cn/ext/search/morePolicyNews.action)
DEBUG:scrapy.downloadermiddlewares.cookies:Received cookies from: <200 http://www.ccgp-jilin.gov.cn/ext/search/morePolicyNews.action>
Set-Cookie: JSESSIONID=ED0DDE580935A3968F6544A9595060C9; Path=/; Secure; HttpOnly

DEBUG:scrapy.core.engine:Crawled (200) <POST http://www.ccgp-jilin.gov.cn/ext/search/morePolicyNews.action> (referer: http://www.ccgp-jilin.gov.cn/ext/search/morePolicyNews.action)
DEBUG:scrapy.downloadermiddlewares.cookies:Received cookies from: <200 http://www.ccgp-jilin.gov.cn/ext/search/morePolicyNews.action>
Set-Cookie: JSESSIONID=2BCA1A9F2680C44D81EEE3E7E17A8BDF; Path=/; Secure; HttpOnly

DEBUG:scrapy.core.engine:Crawled (200) <POST http://www.ccgp-jilin.gov.cn/ext/search/morePolicyNews.action> (referer: http://www.ccgp-jilin.gov.cn/ext/search/morePolicyNews.action)
INFO:scrapy.core.engine:Closing spider (finished)
INFO:scrapy.statscollectors:Dumping Scrapy stats:
{'downloader/request_bytes': 38760,
 'downloader/request_count': 45,
 'downloader/request_method_count/GET': 1,
 'downloader/request_method_count/POST': 44,
 'downloader/response_bytes': 1328760,
 'downloader/response_count': 45,
 'downloader/response_status_count/200': 45,
 'elapsed_time_seconds': 166.148341,
 'finish_reason': 'finished',
 'finish_time': datetime.datetime(2022, 4, 28, 5, 56, 29, 37148),
 'log_count/DEBUG': 90,
 'log_count/INFO': 12,
 'request_depth_max': 2,
 'response_received_count': 45,
 'scheduler/dequeued': 45,
 'scheduler/dequeued/memory': 45,
 'scheduler/enqueued': 45,
 'scheduler/enqueued/memory': 45,
 'start_time': datetime.datetime(2022, 4, 28, 5, 53, 42, 888807)}
INFO:scrapy.core.engine:Spider closed (finished)
